This file contains any messages produced by compilers while
running configure, to aid debugging if configure makes a mistake.

It was created by tesseract configure 5.0.0-rc2, which was
generated by GNU Autoconf 2.71.  Invocation command line was

  $ ../configure PKG_CONFIG_PATH=/usr/local/opt/icu4c/lib/pkgconfig:/usr/local/opt/libarchive/lib/pkgconfig:/usr/local/opt/libffi/lib/pkgconfig --no-create --no-recursion

## --------- ##
## Platform. ##
## --------- ##

hostname = Brians-MacBook-Pro.local
uname -m = x86_64
uname -r = 20.6.0
uname -s = Darwin
uname -v = Darwin Kernel Version 20.6.0: Mon Aug 30 06:12:21 PDT 2021; root:xnu-7195.141.6~3/RELEASE_X86_64

/usr/bin/uname -p = i386
/bin/uname -X     = unknown

/bin/arch              = unknown
/usr/bin/arch -k       = unknown
/usr/convex/getsysinfo = unknown
/usr/bin/hostinfo      = Mach kernel version:
	 Darwin Kernel Version 20.6.0: Mon Aug 30 06:12:21 PDT 2021; root:xnu-7195.141.6~3/RELEASE_X86_64
Kernel configured for up to 8 processors.
4 processors are physically available.
8 processors are logically available.
Processor type: x86_64h (Intel x86-64h Haswell)
Processors active: 0 1 2 3 4 5 6 7
Primary memory available: 16.00 gigabytes
Default processor set: 696 tasks, 2732 threads, 8 processors
Load average: 9.36, Mach factor: 1.97
/bin/machine           = unknown
/usr/bin/oslevel       = unknown
/bin/universe          = unknown

PATH: /Users/brianmccaffrey/Documents/Uni/Senior/SoftwareDesignFinal/.venv/bin/
PATH: /Library/Frameworks/Python.framework/Versions/3.8/bin/
PATH: /usr/local/bin/
PATH: /usr/bin/
PATH: /bin/
PATH: /usr/sbin/
PATH: /sbin/
PATH: /usr/local/go/
PATH: /usr/local/go/bin/
PATH: /Library/Apple/usr/bin/
PATH: /Library/Frameworks/Python.framework/Versions/3.8/bin/
PATH: /Users/brianmccaffrey/go/bin/
PATH: /Users/brianmccaffrey/go/bin/


## ----------- ##
## Core tests. ##
## ----------- ##

configure:2978: looking for aux files: compile ltmain.sh config.guess config.sub missing install-sh
configure:2991:  trying ../config/
configure:3020:   ../config/compile found
configure:3020:   ../config/ltmain.sh found
configure:3020:   ../config/config.guess found
configure:3020:   ../config/config.sub found
configure:3020:   ../config/missing found
configure:3002:   ../config/install-sh found
configure:3203: checking for g++
configure:3224: found /usr/bin/g++
configure:3235: result: g++
configure:3262: checking for C++ compiler version
configure:3271: g++ --version >&5
Apple clang version 12.0.0 (clang-1200.0.32.28)
Target: x86_64-apple-darwin20.6.0
Thread model: posix
InstalledDir: /Library/Developer/CommandLineTools/usr/bin
Configured with: --prefix=/Library/Developer/CommandLineTools/usr --with-gxx-include-dir=/Library/Developer/CommandLineTools/SDKs/MacOSX.sdk/usr/include/c++/4.2.1
configure:3282: $? = 0
configure:3271: g++ -v >&5
Configured with: --prefix=/Library/Developer/CommandLineTools/usr --with-gxx-include-dir=/Library/Developer/CommandLineTools/SDKs/MacOSX.sdk/usr/include/c++/4.2.1
Apple clang version 12.0.0 (clang-1200.0.32.28)
Target: x86_64-apple-darwin20.6.0
Thread model: posix
InstalledDir: /Library/Developer/CommandLineTools/usr/bin
configure:3282: $? = 0
configure:3271: g++ -V >&5
clang: error: argument to '-V' is missing (expected 1 value)
clang: error: no input files
configure:3282: $? = 1
configure:3271: g++ -qversion >&5
clang: error: unknown argument '-qversion'; did you mean '--version'?
clang: error: no input files
configure:3282: $? = 1
configure:3302: checking whether the C++ compiler works
configure:3324: g++    conftest.cpp  >&5
configure:3328: $? = 0
configure:3378: result: yes
configure:3381: checking for C++ compiler default output file name
configure:3383: result: a.out
configure:3389: checking for suffix of executables
configure:3396: g++ -o conftest    conftest.cpp  >&5
configure:3400: $? = 0
configure:3423: result: 
configure:3445: checking whether we are cross compiling
configure:3453: g++ -o conftest    conftest.cpp  >&5
configure:3457: $? = 0
configure:3464: ./conftest
configure:3468: $? = 0
configure:3483: result: no
configure:3488: checking for suffix of object files
configure:3511: g++ -c   conftest.cpp >&5
configure:3515: $? = 0
configure:3537: result: o
configure:3541: checking whether the compiler supports GNU C++
configure:3561: g++ -c   conftest.cpp >&5
configure:3561: $? = 0
configure:3571: result: yes
configure:3582: checking whether g++ accepts -g
configure:3603: g++ -c -g  conftest.cpp >&5
configure:3603: $? = 0
configure:3647: result: yes
configure:3667: checking for g++ option to enable C++11 features
configure:3682: g++  -c -g -O2  conftest.cpp >&5
conftest.cpp:55:3: error: "Compiler does not advertise C++11 conformance"
# error "Compiler does not advertise C++11 conformance"
  ^
conftest.cpp:60:3: error: unknown type name 'constexpr'
  constexpr int get_val() { return 20; }
  ^
conftest.cpp:72:17: error: delegating constructors are permitted only in C++11
    delegate(): delegate(2354) {}
                ^~~~~~~~
conftest.cpp:83:26: warning: 'override' keyword is a C++11 extension [-Wc++11-extensions]
    virtual int getval() override final { return this->n * 2; }
                         ^
conftest.cpp:83:35: warning: 'final' keyword is a C++11 extension [-Wc++11-extensions]
    virtual int getval() override final { return this->n * 2; }
                                  ^
conftest.cpp:90:16: warning: defaulted function definitions are a C++11 extension [-Wc++11-extensions]
    nocopy() = default;
               ^
conftest.cpp:91:29: warning: deleted function definitions are a C++11 extension [-Wc++11-extensions]
    nocopy(const nocopy&) = delete;
                            ^
conftest.cpp:92:41: warning: deleted function definitions are a C++11 extension [-Wc++11-extensions]
    nocopy & operator=(const nocopy&) = delete;
                                        ^
conftest.cpp:104:25: warning: 'auto' type specifier is a C++11 extension [-Wc++11-extensions]
  template <typename V> auto sum(V first) -> V
                        ^
conftest.cpp:104:25: error: 'auto' not allowed in function return type
  template <typename V> auto sum(V first) -> V
                        ^~~~
conftest.cpp:104:42: error: expected ';' at end of declaration
  template <typename V> auto sum(V first) -> V
                                         ^
                                         ;
conftest.cpp:104:43: error: cannot use arrow operator on a type
  template <typename V> auto sum(V first) -> V
                                          ^
conftest.cpp:108:33: warning: variadic templates are a C++11 extension [-Wc++11-extensions]
  template <typename V, typename... Args> auto sum(V first, Args... rest) -> V
                                ^
conftest.cpp:108:43: warning: 'auto' type specifier is a C++11 extension [-Wc++11-extensions]
  template <typename V, typename... Args> auto sum(V first, Args... rest) -> V
                                          ^
conftest.cpp:108:43: error: 'auto' not allowed in function return type
  template <typename V, typename... Args> auto sum(V first, Args... rest) -> V
                                          ^~~~
conftest.cpp:108:74: error: expected ';' at end of declaration
  template <typename V, typename... Args> auto sum(V first, Args... rest) -> V
                                                                         ^
                                                                         ;
conftest.cpp:108:75: error: cannot use arrow operator on a type
  template <typename V, typename... Args> auto sum(V first, Args... rest) -> V
                                                                          ^
conftest.cpp:132:3: warning: 'auto' type specifier is a C++11 extension [-Wc++11-extensions]
  auto a1 = 6538;
  ^
conftest.cpp:133:3: warning: 'auto' type specifier is a C++11 extension [-Wc++11-extensions]
  auto a2 = 48573953.4;
  ^
conftest.cpp:134:3: warning: 'auto' type specifier is a C++11 extension [-Wc++11-extensions]
  auto a3 = "String literal";
  ^
conftest.cpp:137:8: warning: 'auto' type specifier is a C++11 extension [-Wc++11-extensions]
  for (auto i = a3; *i; ++i) { total += *i; }
       ^
conftest.cpp:153:8: warning: 'auto' type specifier is a C++11 extension [-Wc++11-extensions]
  for (auto &x : array) { x += 23; }
       ^
conftest.cpp:153:16: warning: range-based for loop is a C++11 extension [-Wc++11-extensions]
  for (auto &x : array) { x += 23; }
               ^
conftest.cpp:158:17: error: expected expression
  assert (eval ([](int x) { return x*2; }, 21) == 42);
                ^
conftest.cpp:160:17: error: expected expression
  assert (eval ([&](double x) { return d += x; }, 3.0) == 5.0);
                ^
conftest.cpp:162:17: error: expected expression
  assert (eval ([=](double x) mutable { return d += x; }, 4.0) == 9.0);
                ^
conftest.cpp:168:3: warning: 'auto' type specifier is a C++11 extension [-Wc++11-extensions]
  auto a = sum(1);
  ^
conftest.cpp:168:12: error: no matching function for call to 'sum'
  auto a = sum(1);
           ^~~
conftest.cpp:169:3: warning: 'auto' type specifier is a C++11 extension [-Wc++11-extensions]
  auto b = sum(1, 2);
  ^
conftest.cpp:169:12: error: no matching function for call to 'sum'
  auto b = sum(1, 2);
           ^~~
conftest.cpp:170:3: warning: 'auto' type specifier is a C++11 extension [-Wc++11-extensions]
  auto c = sum(1.0, 2.0, 3.0);
  ^
conftest.cpp:170:12: error: no matching function for call to 'sum'
  auto c = sum(1.0, 2.0, 3.0);
           ^~~
conftest.cpp:175:25: warning: empty parentheses interpreted as a function declaration [-Wvexing-parse]
  cxx11test::delegate d2();
                        ^~
conftest.cpp:175:25: note: remove parentheses to declare a variable
  cxx11test::delegate d2();
                        ^~
conftest.cpp:188:16: error: found '<::' after a template name which forms the digraph '<:' (aka '[') and a ':', did you mean '< ::'?
  test_template<::test_template<int>> v(test_template<int>(12));
               ^~~
               < ::
conftest.cpp:188:36: error: a space is required between consecutive right angle brackets (use '> >')
  test_template<::test_template<int>> v(test_template<int>(12));
                                   ^~
                                   > >
conftest.cpp:192:22: error: use of undeclared identifier 'u8'
  char const *utf8 = u8"UTF-8 string \u2500";
                     ^
conftest.cpp:192:24: error: expected ';' at end of declaration
  char const *utf8 = u8"UTF-8 string \u2500";
                       ^
                       ;
fatal error: too many errors emitted, stopping now [-ferror-limit=]
18 warnings and 20 errors generated.
configure:3682: $? = 1
configure: failed program was:
| /* confdefs.h */
| #define PACKAGE_NAME "tesseract"
| #define PACKAGE_TARNAME "tesseract"
| #define PACKAGE_VERSION "5.0.0-rc2"
| #define PACKAGE_STRING "tesseract 5.0.0-rc2"
| #define PACKAGE_BUGREPORT "https://github.com/tesseract-ocr/tesseract/issues"
| #define PACKAGE_URL "https://github.com/tesseract-ocr/tesseract/"
| /* end confdefs.h.  */
| 
| // Does the compiler advertise C++98 conformance?
| #if !defined __cplusplus || __cplusplus < 199711L
| # error "Compiler does not advertise C++98 conformance"
| #endif
| 
| // These inclusions are to reject old compilers that
| // lack the unsuffixed header files.
| #include <cstdlib>
| #include <exception>
| 
| // <cassert> and <cstring> are *not* freestanding headers in C++98.
| extern void assert (int);
| namespace std {
|   extern int strcmp (const char *, const char *);
| }
| 
| // Namespaces, exceptions, and templates were all added after "C++ 2.0".
| using std::exception;
| using std::strcmp;
| 
| namespace {
| 
| void test_exception_syntax()
| {
|   try {
|     throw "test";
|   } catch (const char *s) {
|     // Extra parentheses suppress a warning when building autoconf itself,
|     // due to lint rules shared with more typical C programs.
|     assert (!(strcmp) (s, "test"));
|   }
| }
| 
| template <typename T> struct test_template
| {
|   T const val;
|   explicit test_template(T t) : val(t) {}
|   template <typename U> T add(U u) { return static_cast<T>(u) + val; }
| };
| 
| } // anonymous namespace
| 
| 
| // Does the compiler advertise C++ 2011 conformance?
| #if !defined __cplusplus || __cplusplus < 201103L
| # error "Compiler does not advertise C++11 conformance"
| #endif
| 
| namespace cxx11test
| {
|   constexpr int get_val() { return 20; }
| 
|   struct testinit
|   {
|     int i;
|     double d;
|   };
| 
|   class delegate
|   {
|   public:
|     delegate(int n) : n(n) {}
|     delegate(): delegate(2354) {}
| 
|     virtual int getval() { return this->n; };
|   protected:
|     int n;
|   };
| 
|   class overridden : public delegate
|   {
|   public:
|     overridden(int n): delegate(n) {}
|     virtual int getval() override final { return this->n * 2; }
|   };
| 
|   class nocopy
|   {
|   public:
|     nocopy(int i): i(i) {}
|     nocopy() = default;
|     nocopy(const nocopy&) = delete;
|     nocopy & operator=(const nocopy&) = delete;
|   private:
|     int i;
|   };
| 
|   // for testing lambda expressions
|   template <typename Ret, typename Fn> Ret eval(Fn f, Ret v)
|   {
|     return f(v);
|   }
| 
|   // for testing variadic templates and trailing return types
|   template <typename V> auto sum(V first) -> V
|   {
|     return first;
|   }
|   template <typename V, typename... Args> auto sum(V first, Args... rest) -> V
|   {
|     return first + sum(rest...);
|   }
| }
| 
| 
| int
| main (int argc, char **argv)
| {
|   int ok = 0;
|   
|   assert (argc);
|   assert (! argv[0]);
| {
|   test_exception_syntax ();
|   test_template<double> tt (2.0);
|   assert (tt.add (4) == 6.0);
|   assert (true && !false);
| }
| 
|   
| {
|   // Test auto and decltype
|   auto a1 = 6538;
|   auto a2 = 48573953.4;
|   auto a3 = "String literal";
| 
|   int total = 0;
|   for (auto i = a3; *i; ++i) { total += *i; }
| 
|   decltype(a2) a4 = 34895.034;
| }
| {
|   // Test constexpr
|   short sa[cxx11test::get_val()] = { 0 };
| }
| {
|   // Test initializer lists
|   cxx11test::testinit il = { 4323, 435234.23544 };
| }
| {
|   // Test range-based for
|   int array[] = {9, 7, 13, 15, 4, 18, 12, 10, 5, 3,
|                  14, 19, 17, 8, 6, 20, 16, 2, 11, 1};
|   for (auto &x : array) { x += 23; }
| }
| {
|   // Test lambda expressions
|   using cxx11test::eval;
|   assert (eval ([](int x) { return x*2; }, 21) == 42);
|   double d = 2.0;
|   assert (eval ([&](double x) { return d += x; }, 3.0) == 5.0);
|   assert (d == 5.0);
|   assert (eval ([=](double x) mutable { return d += x; }, 4.0) == 9.0);
|   assert (d == 5.0);
| }
| {
|   // Test use of variadic templates
|   using cxx11test::sum;
|   auto a = sum(1);
|   auto b = sum(1, 2);
|   auto c = sum(1.0, 2.0, 3.0);
| }
| {
|   // Test constructor delegation
|   cxx11test::delegate d1;
|   cxx11test::delegate d2();
|   cxx11test::delegate d3(45);
| }
| {
|   // Test override and final
|   cxx11test::overridden o1(55464);
| }
| {
|   // Test nullptr
|   char *c = nullptr;
| }
| {
|   // Test template brackets
|   test_template<::test_template<int>> v(test_template<int>(12));
| }
| {
|   // Unicode literals
|   char const *utf8 = u8"UTF-8 string \u2500";
|   char16_t const *utf16 = u"UTF-8 string \u2500";
|   char32_t const *utf32 = U"UTF-32 string \u2500";
| }
| 
|   return ok;
| }
| 
configure:3700: result: none needed
configure:3798: checking for a BSD-compatible install
configure:3871: result: /usr/bin/install -c
configure:3882: checking whether build environment is sane
configure:3937: result: yes
configure:4096: checking for a race-free mkdir -p
configure:4140: result: ../config/install-sh -c -d
configure:4147: checking for gawk
configure:4182: result: no
configure:4147: checking for mawk
configure:4182: result: no
configure:4147: checking for nawk
configure:4182: result: no
configure:4147: checking for awk
configure:4168: found /usr/bin/awk
configure:4179: result: awk
configure:4190: checking whether make sets $(MAKE)
configure:4213: result: yes
configure:4235: checking whether make supports the include directive
configure:4250: make -f confmf.GNU && cat confinc.out
this is the am__doit target
configure:4253: $? = 0
configure:4272: result: yes (GNU style)
configure:4307: checking whether make supports nested variables
configure:4325: result: yes
configure:4406: checking dependency style of g++
configure:4518: result: gcc3
configure:4641: checking for a sed that does not truncate output
configure:4711: result: /usr/bin/sed
configure:4721: checking Major version
configure:4723: result: 5
configure:4725: checking Minor version
configure:4727: result: 0
configure:4729: checking Point version
configure:4731: result: 0-rc2
configure:4791: checking whether make supports nested variables
configure:4809: result: yes
configure:4834: checking build system type
configure:4849: result: x86_64-apple-darwin20.6.0
configure:4869: checking host system type
configure:4883: result: x86_64-apple-darwin20.6.0
configure:4990: checking whether C++ compiler accepts -Werror=unused-command-line-argument
configure:5010: g++ -c -g -O2  -Werror=unused-command-line-argument  conftest.cpp >&5
configure:5010: $? = 0
configure:5019: result: yes
configure:5077: checking whether C++ compiler accepts -mavx
configure:5097: g++ -c -g -O2 -Werror=unused-command-line-argument -mavx  conftest.cpp >&5
configure:5097: $? = 0
configure:5107: result: yes
configure:5131: checking whether C++ compiler accepts -mavx2
configure:5151: g++ -c -g -O2 -Werror=unused-command-line-argument -mavx2  conftest.cpp >&5
configure:5151: $? = 0
configure:5161: result: yes
configure:5185: checking whether C++ compiler accepts -mfma
configure:5205: g++ -c -g -O2 -Werror=unused-command-line-argument -mfma  conftest.cpp >&5
configure:5205: $? = 0
configure:5215: result: yes
configure:5239: checking whether C++ compiler accepts -msse4.1
configure:5259: g++ -c -g -O2 -Werror=unused-command-line-argument -msse4.1  conftest.cpp >&5
configure:5259: $? = 0
configure:5269: result: yes
configure:5378: checking whether C++ compiler accepts -fopenmp-simd
configure:5398: g++ -c -g -O2 -Werror=unused-command-line-argument -fopenmp-simd  conftest.cpp >&5
configure:5398: $? = 0
configure:5408: result: yes
configure:5450: checking --enable-float32 argument
configure:5458: result: 
configure:5466: checking --enable-graphics argument
configure:5474: result: 
configure:5490: checking --enable-legacy argument
configure:5498: result: 
configure:5526: checking for g++ option to support OpenMP
configure:5548: g++ -c -g -O2   conftest.cpp >&5
conftest.cpp:22:2: error: "OpenMP not supported"
#error "OpenMP not supported"
 ^
conftest.cpp:24:10: fatal error: 'omp.h' file not found
#include <omp.h>
         ^~~~~~~
2 errors generated.
configure:5548: $? = 1
configure: failed program was:
| /* confdefs.h */
| #define PACKAGE_NAME "tesseract"
| #define PACKAGE_TARNAME "tesseract"
| #define PACKAGE_VERSION "5.0.0-rc2"
| #define PACKAGE_STRING "tesseract 5.0.0-rc2"
| #define PACKAGE_BUGREPORT "https://github.com/tesseract-ocr/tesseract/issues"
| #define PACKAGE_URL "https://github.com/tesseract-ocr/tesseract/"
| #define PACKAGE "tesseract"
| #define VERSION "5.0.0-rc2"
| #define PACKAGE_NAME "tesseract"
| #define PACKAGE_VERSION "5.0.0-rc2"
| #define PACKAGE_YEAR "2021"
| #define PACKAGE_DATE "11/14"
| #define HAVE_AVX 1
| #define HAVE_AVX2 1
| #define HAVE_FMA 1
| #define HAVE_SSE4_1 1
| #define FAST_FLOAT 1
| /* end confdefs.h.  */
| 
| #ifndef _OPENMP
| #error "OpenMP not supported"
| #endif
| #include <omp.h>
| int main (void) { return omp_get_num_threads (); }
| 
configure:5548: g++ -c -g -O2 -fopenmp  conftest.cpp >&5
clang: error: unsupported option '-fopenmp'
configure:5548: $? = 1
configure: failed program was:
| /* confdefs.h */
| #define PACKAGE_NAME "tesseract"
| #define PACKAGE_TARNAME "tesseract"
| #define PACKAGE_VERSION "5.0.0-rc2"
| #define PACKAGE_STRING "tesseract 5.0.0-rc2"
| #define PACKAGE_BUGREPORT "https://github.com/tesseract-ocr/tesseract/issues"
| #define PACKAGE_URL "https://github.com/tesseract-ocr/tesseract/"
| #define PACKAGE "tesseract"
| #define VERSION "5.0.0-rc2"
| #define PACKAGE_NAME "tesseract"
| #define PACKAGE_VERSION "5.0.0-rc2"
| #define PACKAGE_YEAR "2021"
| #define PACKAGE_DATE "11/14"
| #define HAVE_AVX 1
| #define HAVE_AVX2 1
| #define HAVE_FMA 1
| #define HAVE_SSE4_1 1
| #define FAST_FLOAT 1
| /* end confdefs.h.  */
| 
| #ifndef _OPENMP
| #error "OpenMP not supported"
| #endif
| #include <omp.h>
| int main (void) { return omp_get_num_threads (); }
| 
configure:5548: g++ -c -g -O2 -xopenmp  conftest.cpp >&5
clang: error: language not recognized: 'openmp'
clang: warning: conftest.cpp: 'linker' input unused [-Wunused-command-line-argument]
configure:5548: $? = 1
configure: failed program was:
| /* confdefs.h */
| #define PACKAGE_NAME "tesseract"
| #define PACKAGE_TARNAME "tesseract"
| #define PACKAGE_VERSION "5.0.0-rc2"
| #define PACKAGE_STRING "tesseract 5.0.0-rc2"
| #define PACKAGE_BUGREPORT "https://github.com/tesseract-ocr/tesseract/issues"
| #define PACKAGE_URL "https://github.com/tesseract-ocr/tesseract/"
| #define PACKAGE "tesseract"
| #define VERSION "5.0.0-rc2"
| #define PACKAGE_NAME "tesseract"
| #define PACKAGE_VERSION "5.0.0-rc2"
| #define PACKAGE_YEAR "2021"
| #define PACKAGE_DATE "11/14"
| #define HAVE_AVX 1
| #define HAVE_AVX2 1
| #define HAVE_FMA 1
| #define HAVE_SSE4_1 1
| #define FAST_FLOAT 1
| /* end confdefs.h.  */
| 
| #ifndef _OPENMP
| #error "OpenMP not supported"
| #endif
| #include <omp.h>
| int main (void) { return omp_get_num_threads (); }
| 
configure:5548: g++ -c -g -O2 -openmp  conftest.cpp >&5
conftest.cpp:22:2: error: "OpenMP not supported"
#error "OpenMP not supported"
 ^
conftest.cpp:24:10: fatal error: 'omp.h' file not found
#include <omp.h>
         ^~~~~~~
2 errors generated.
configure:5548: $? = 1
configure: failed program was:
| /* confdefs.h */
| #define PACKAGE_NAME "tesseract"
| #define PACKAGE_TARNAME "tesseract"
| #define PACKAGE_VERSION "5.0.0-rc2"
| #define PACKAGE_STRING "tesseract 5.0.0-rc2"
| #define PACKAGE_BUGREPORT "https://github.com/tesseract-ocr/tesseract/issues"
| #define PACKAGE_URL "https://github.com/tesseract-ocr/tesseract/"
| #define PACKAGE "tesseract"
| #define VERSION "5.0.0-rc2"
| #define PACKAGE_NAME "tesseract"
| #define PACKAGE_VERSION "5.0.0-rc2"
| #define PACKAGE_YEAR "2021"
| #define PACKAGE_DATE "11/14"
| #define HAVE_AVX 1
| #define HAVE_AVX2 1
| #define HAVE_FMA 1
| #define HAVE_SSE4_1 1
| #define FAST_FLOAT 1
| /* end confdefs.h.  */
| 
| #ifndef _OPENMP
| #error "OpenMP not supported"
| #endif
| #include <omp.h>
| int main (void) { return omp_get_num_threads (); }
| 
configure:5548: g++ -c -g -O2 -mp  conftest.cpp >&5
clang: error: unknown argument: '-mp'
configure:5548: $? = 1
configure: failed program was:
| /* confdefs.h */
| #define PACKAGE_NAME "tesseract"
| #define PACKAGE_TARNAME "tesseract"
| #define PACKAGE_VERSION "5.0.0-rc2"
| #define PACKAGE_STRING "tesseract 5.0.0-rc2"
| #define PACKAGE_BUGREPORT "https://github.com/tesseract-ocr/tesseract/issues"
| #define PACKAGE_URL "https://github.com/tesseract-ocr/tesseract/"
| #define PACKAGE "tesseract"
| #define VERSION "5.0.0-rc2"
| #define PACKAGE_NAME "tesseract"
| #define PACKAGE_VERSION "5.0.0-rc2"
| #define PACKAGE_YEAR "2021"
| #define PACKAGE_DATE "11/14"
| #define HAVE_AVX 1
| #define HAVE_AVX2 1
| #define HAVE_FMA 1
| #define HAVE_SSE4_1 1
| #define FAST_FLOAT 1
| /* end confdefs.h.  */
| 
| #ifndef _OPENMP
| #error "OpenMP not supported"
| #endif
| #include <omp.h>
| int main (void) { return omp_get_num_threads (); }
| 
configure:5548: g++ -c -g -O2 -omp  conftest.cpp >&5
conftest.cpp:22:2: error: "OpenMP not supported"
#error "OpenMP not supported"
 ^
conftest.cpp:24:10: fatal error: 'omp.h' file not found
#include <omp.h>
         ^~~~~~~
2 errors generated.
configure:5548: $? = 1
configure: failed program was:
| /* confdefs.h */
| #define PACKAGE_NAME "tesseract"
| #define PACKAGE_TARNAME "tesseract"
| #define PACKAGE_VERSION "5.0.0-rc2"
| #define PACKAGE_STRING "tesseract 5.0.0-rc2"
| #define PACKAGE_BUGREPORT "https://github.com/tesseract-ocr/tesseract/issues"
| #define PACKAGE_URL "https://github.com/tesseract-ocr/tesseract/"
| #define PACKAGE "tesseract"
| #define VERSION "5.0.0-rc2"
| #define PACKAGE_NAME "tesseract"
| #define PACKAGE_VERSION "5.0.0-rc2"
| #define PACKAGE_YEAR "2021"
| #define PACKAGE_DATE "11/14"
| #define HAVE_AVX 1
| #define HAVE_AVX2 1
| #define HAVE_FMA 1
| #define HAVE_SSE4_1 1
| #define FAST_FLOAT 1
| /* end confdefs.h.  */
| 
| #ifndef _OPENMP
| #error "OpenMP not supported"
| #endif
| #include <omp.h>
| int main (void) { return omp_get_num_threads (); }
| 
configure:5548: g++ -c -g -O2 -qsmp=omp  conftest.cpp >&5
clang: error: unknown argument: '-qsmp=omp'
configure:5548: $? = 1
configure: failed program was:
| /* confdefs.h */
| #define PACKAGE_NAME "tesseract"
| #define PACKAGE_TARNAME "tesseract"
| #define PACKAGE_VERSION "5.0.0-rc2"
| #define PACKAGE_STRING "tesseract 5.0.0-rc2"
| #define PACKAGE_BUGREPORT "https://github.com/tesseract-ocr/tesseract/issues"
| #define PACKAGE_URL "https://github.com/tesseract-ocr/tesseract/"
| #define PACKAGE "tesseract"
| #define VERSION "5.0.0-rc2"
| #define PACKAGE_NAME "tesseract"
| #define PACKAGE_VERSION "5.0.0-rc2"
| #define PACKAGE_YEAR "2021"
| #define PACKAGE_DATE "11/14"
| #define HAVE_AVX 1
| #define HAVE_AVX2 1
| #define HAVE_FMA 1
| #define HAVE_SSE4_1 1
| #define FAST_FLOAT 1
| /* end confdefs.h.  */
| 
| #ifndef _OPENMP
| #error "OpenMP not supported"
| #endif
| #include <omp.h>
| int main (void) { return omp_get_num_threads (); }
| 
configure:5548: g++ -c -g -O2 -homp  conftest.cpp >&5
clang: error: unknown argument: '-homp'
configure:5548: $? = 1
configure: failed program was:
| /* confdefs.h */
| #define PACKAGE_NAME "tesseract"
| #define PACKAGE_TARNAME "tesseract"
| #define PACKAGE_VERSION "5.0.0-rc2"
| #define PACKAGE_STRING "tesseract 5.0.0-rc2"
| #define PACKAGE_BUGREPORT "https://github.com/tesseract-ocr/tesseract/issues"
| #define PACKAGE_URL "https://github.com/tesseract-ocr/tesseract/"
| #define PACKAGE "tesseract"
| #define VERSION "5.0.0-rc2"
| #define PACKAGE_NAME "tesseract"
| #define PACKAGE_VERSION "5.0.0-rc2"
| #define PACKAGE_YEAR "2021"
| #define PACKAGE_DATE "11/14"
| #define HAVE_AVX 1
| #define HAVE_AVX2 1
| #define HAVE_FMA 1
| #define HAVE_SSE4_1 1
| #define FAST_FLOAT 1
| /* end confdefs.h.  */
| 
| #ifndef _OPENMP
| #error "OpenMP not supported"
| #endif
| #include <omp.h>
| int main (void) { return omp_get_num_threads (); }
| 
configure:5548: g++ -c -g -O2 -Popenmp  conftest.cpp >&5
clang: error: unknown argument '-Popenmp'; did you mean '-fopenmp'?
configure:5548: $? = 1
configure: failed program was:
| /* confdefs.h */
| #define PACKAGE_NAME "tesseract"
| #define PACKAGE_TARNAME "tesseract"
| #define PACKAGE_VERSION "5.0.0-rc2"
| #define PACKAGE_STRING "tesseract 5.0.0-rc2"
| #define PACKAGE_BUGREPORT "https://github.com/tesseract-ocr/tesseract/issues"
| #define PACKAGE_URL "https://github.com/tesseract-ocr/tesseract/"
| #define PACKAGE "tesseract"
| #define VERSION "5.0.0-rc2"
| #define PACKAGE_NAME "tesseract"
| #define PACKAGE_VERSION "5.0.0-rc2"
| #define PACKAGE_YEAR "2021"
| #define PACKAGE_DATE "11/14"
| #define HAVE_AVX 1
| #define HAVE_AVX2 1
| #define HAVE_FMA 1
| #define HAVE_SSE4_1 1
| #define FAST_FLOAT 1
| /* end confdefs.h.  */
| 
| #ifndef _OPENMP
| #error "OpenMP not supported"
| #endif
| #include <omp.h>
| int main (void) { return omp_get_num_threads (); }
| 
configure:5548: g++ -c -g -O2 --openmp  conftest.cpp >&5
clang: error: unsupported option '--openmp'; did you mean '-fopenmp'?
configure:5548: $? = 1
configure: failed program was:
| /* confdefs.h */
| #define PACKAGE_NAME "tesseract"
| #define PACKAGE_TARNAME "tesseract"
| #define PACKAGE_VERSION "5.0.0-rc2"
| #define PACKAGE_STRING "tesseract 5.0.0-rc2"
| #define PACKAGE_BUGREPORT "https://github.com/tesseract-ocr/tesseract/issues"
| #define PACKAGE_URL "https://github.com/tesseract-ocr/tesseract/"
| #define PACKAGE "tesseract"
| #define VERSION "5.0.0-rc2"
| #define PACKAGE_NAME "tesseract"
| #define PACKAGE_VERSION "5.0.0-rc2"
| #define PACKAGE_YEAR "2021"
| #define PACKAGE_DATE "11/14"
| #define HAVE_AVX 1
| #define HAVE_AVX2 1
| #define HAVE_FMA 1
| #define HAVE_SSE4_1 1
| #define FAST_FLOAT 1
| /* end confdefs.h.  */
| 
| #ifndef _OPENMP
| #error "OpenMP not supported"
| #endif
| #include <omp.h>
| int main (void) { return omp_get_num_threads (); }
| 
configure:5583: result: unsupported
configure:5599: checking for stdio.h
configure:5599: g++ -c -g -O2  conftest.cpp >&5
configure:5599: $? = 0
configure:5599: result: yes
configure:5599: checking for stdlib.h
configure:5599: g++ -c -g -O2  conftest.cpp >&5
configure:5599: $? = 0
configure:5599: result: yes
configure:5599: checking for string.h
configure:5599: g++ -c -g -O2  conftest.cpp >&5
configure:5599: $? = 0
configure:5599: result: yes
configure:5599: checking for inttypes.h
configure:5599: g++ -c -g -O2  conftest.cpp >&5
configure:5599: $? = 0
configure:5599: result: yes
configure:5599: checking for stdint.h
configure:5599: g++ -c -g -O2  conftest.cpp >&5
configure:5599: $? = 0
configure:5599: result: yes
configure:5599: checking for strings.h
configure:5599: g++ -c -g -O2  conftest.cpp >&5
configure:5599: $? = 0
configure:5599: result: yes
configure:5599: checking for sys/stat.h
configure:5599: g++ -c -g -O2  conftest.cpp >&5
configure:5599: $? = 0
configure:5599: result: yes
configure:5599: checking for sys/types.h
configure:5599: g++ -c -g -O2  conftest.cpp >&5
configure:5599: $? = 0
configure:5599: result: yes
configure:5599: checking for unistd.h
configure:5599: g++ -c -g -O2  conftest.cpp >&5
configure:5599: $? = 0
configure:5599: result: yes
configure:5626: checking for tiffio.h
configure:5626: g++ -c -g -O2  conftest.cpp >&5
configure:5626: $? = 0
configure:5626: result: yes
configure:5638: checking --enable-opencl argument
configure:5646: result: 
configure:5721: checking for tensorflow/core/framework/graph.pb.h
configure:5721: g++ -c -g -O2  conftest.cpp >&5
conftest.cpp:59:10: fatal error: 'tensorflow/core/framework/graph.pb.h' file not found
#include <tensorflow/core/framework/graph.pb.h>
         ^~~~~~~~~~~~~~~~~~~~~~~~~~~~~~~~~~~~~~
1 error generated.
configure:5721: $? = 1
configure: failed program was:
| /* confdefs.h */
| #define PACKAGE_NAME "tesseract"
| #define PACKAGE_TARNAME "tesseract"
| #define PACKAGE_VERSION "5.0.0-rc2"
| #define PACKAGE_STRING "tesseract 5.0.0-rc2"
| #define PACKAGE_BUGREPORT "https://github.com/tesseract-ocr/tesseract/issues"
| #define PACKAGE_URL "https://github.com/tesseract-ocr/tesseract/"
| #define PACKAGE "tesseract"
| #define VERSION "5.0.0-rc2"
| #define PACKAGE_NAME "tesseract"
| #define PACKAGE_VERSION "5.0.0-rc2"
| #define PACKAGE_YEAR "2021"
| #define PACKAGE_DATE "11/14"
| #define HAVE_AVX 1
| #define HAVE_AVX2 1
| #define HAVE_FMA 1
| #define HAVE_SSE4_1 1
| #define FAST_FLOAT 1
| #define HAVE_STDIO_H 1
| #define HAVE_STDLIB_H 1
| #define HAVE_STRING_H 1
| #define HAVE_INTTYPES_H 1
| #define HAVE_STDINT_H 1
| #define HAVE_STRINGS_H 1
| #define HAVE_SYS_STAT_H 1
| #define HAVE_SYS_TYPES_H 1
| #define HAVE_UNISTD_H 1
| #define STDC_HEADERS 1
| #define HAVE_TIFFIO_H 1
| /* end confdefs.h.  */
| #include <stddef.h>
| #ifdef HAVE_STDIO_H
| # include <stdio.h>
| #endif
| #ifdef HAVE_STDLIB_H
| # include <stdlib.h>
| #endif
| #ifdef HAVE_STRING_H
| # include <string.h>
| #endif
| #ifdef HAVE_INTTYPES_H
| # include <inttypes.h>
| #endif
| #ifdef HAVE_STDINT_H
| # include <stdint.h>
| #endif
| #ifdef HAVE_STRINGS_H
| # include <strings.h>
| #endif
| #ifdef HAVE_SYS_TYPES_H
| # include <sys/types.h>
| #endif
| #ifdef HAVE_SYS_STAT_H
| # include <sys/stat.h>
| #endif
| #ifdef HAVE_UNISTD_H
| # include <unistd.h>
| #endif
| #include <tensorflow/core/framework/graph.pb.h>
configure:5721: result: no
configure:5758: checking if -framework Accelerate works
configure:5777: g++ -o conftest -g -O2   conftest.cpp  -framework Accelerate >&5
configure:5777: $? = 0
configure:5788: result: yes
configure:5802: checking if -framework OpenCL works
configure:5821: g++ -o conftest -g -O2   conftest.cpp  -framework OpenCL >&5
configure:5821: $? = 0
configure:5832: result: yes
configure:5921: checking --enable-visibility argument
configure:5929: result: 
configure:5941: checking whether to use tessdata-prefix
configure:5951: result: yes
configure:5964: checking if compiling with clang
configure:5981: g++ -c -g -O2  conftest.cpp >&5
configure:5981: $? = 0
configure:5988: result: yes
configure:5992: checking whether to enable debugging
configure:6000: result: 
configure:6071: checking how to print strings
configure:6098: result: printf
configure:6181: checking for gcc
configure:6202: found /usr/bin/gcc
configure:6213: result: gcc
configure:6566: checking for C compiler version
configure:6575: gcc --version >&5
Apple clang version 12.0.0 (clang-1200.0.32.28)
Target: x86_64-apple-darwin20.6.0
Thread model: posix
InstalledDir: /Library/Developer/CommandLineTools/usr/bin
Configured with: --prefix=/Library/Developer/CommandLineTools/usr --with-gxx-include-dir=/Library/Developer/CommandLineTools/SDKs/MacOSX.sdk/usr/include/c++/4.2.1
configure:6586: $? = 0
configure:6575: gcc -v >&5
Configured with: --prefix=/Library/Developer/CommandLineTools/usr --with-gxx-include-dir=/Library/Developer/CommandLineTools/SDKs/MacOSX.sdk/usr/include/c++/4.2.1
Apple clang version 12.0.0 (clang-1200.0.32.28)
Target: x86_64-apple-darwin20.6.0
Thread model: posix
InstalledDir: /Library/Developer/CommandLineTools/usr/bin
configure:6586: $? = 0
configure:6575: gcc -V >&5
clang: error: argument to '-V' is missing (expected 1 value)
clang: error: no input files
configure:6586: $? = 1
configure:6575: gcc -qversion >&5
clang: error: unknown argument '-qversion'; did you mean '--version'?
clang: error: no input files
configure:6586: $? = 1
configure:6575: gcc -version >&5
clang: error: unknown argument '-version'; did you mean '--version'?
clang: error: no input files
configure:6586: $? = 1
configure:6590: checking whether the compiler supports GNU C
configure:6610: gcc -c   conftest.c >&5
configure:6610: $? = 0
configure:6620: result: yes
configure:6631: checking whether gcc accepts -g
configure:6652: gcc -c -g  conftest.c >&5
configure:6652: $? = 0
configure:6696: result: yes
configure:6716: checking for gcc option to enable C11 features
configure:6731: gcc  -c -g -O2  conftest.c >&5
configure:6731: $? = 0
configure:6749: result: none needed
configure:6865: checking whether gcc understands -c and -o together
configure:6888: gcc -c conftest.c -o conftest2.o
configure:6891: $? = 0
configure:6888: gcc -c conftest.c -o conftest2.o
configure:6891: $? = 0
configure:6903: result: yes
configure:6922: checking dependency style of gcc
configure:7034: result: gcc3
configure:7049: checking for a sed that does not truncate output
configure:7119: result: /usr/bin/sed
configure:7137: checking for grep that handles long lines and -e
configure:7201: result: /usr/bin/grep
configure:7206: checking for egrep
configure:7274: result: /usr/bin/grep -E
configure:7279: checking for fgrep
configure:7347: result: /usr/bin/grep -F
configure:7383: checking for ld used by gcc
configure:7451: result: /Library/Developer/CommandLineTools/usr/bin/ld
configure:7458: checking if the linker (/Library/Developer/CommandLineTools/usr/bin/ld) is GNU ld
configure:7474: result: no
configure:7486: checking for BSD- or MS-compatible name lister (nm)
configure:7541: result: /usr/bin/nm -B
configure:7681: checking the name lister (/usr/bin/nm -B) interface
configure:7689: g++ -c -g -O2  conftest.cpp >&5
configure:7692: /usr/bin/nm -B "conftest.o"
configure:7695: output
0000000000000274 S _some_variable
configure:7702: result: BSD nm
configure:7705: checking whether ln -s works
configure:7709: result: yes
configure:7717: checking the maximum length of command line arguments
configure:7849: result: 786432
configure:7897: checking how to convert x86_64-apple-darwin20.6.0 file names to x86_64-apple-darwin20.6.0 format
configure:7938: result: func_convert_file_noop
configure:7945: checking how to convert x86_64-apple-darwin20.6.0 file names to toolchain format
configure:7966: result: func_convert_file_noop
configure:7973: checking for /Library/Developer/CommandLineTools/usr/bin/ld option to reload object files
configure:7981: result: -r
configure:8060: checking for objdump
configure:8081: found /usr/bin/objdump
configure:8092: result: objdump
configure:8124: checking how to recognize dependent libraries
configure:8325: result: pass_all
configure:8415: checking for dlltool
configure:8450: result: no
configure:8480: checking how to associate runtime and link libraries
configure:8508: result: printf %s\n
configure:8573: checking for ar
configure:8594: found /usr/bin/ar
configure:8605: result: ar
configure:8642: checking for archiver @FILE support
configure:8660: g++ -c -g -O2  conftest.cpp >&5
configure:8660: $? = 0
configure:8664: ar cru libconftest.a @conftest.lst >&5
ar: @conftest.lst: No such file or directory
configure:8667: $? = 1
configure:8687: result: no
configure:8750: checking for strip
configure:8771: found /usr/bin/strip
configure:8782: result: strip
configure:8859: checking for ranlib
configure:8880: found /usr/bin/ranlib
configure:8891: result: ranlib
configure:8993: checking command to parse /usr/bin/nm -B output from gcc object
configure:9147: g++ -c -g -O2  conftest.cpp >&5
configure:9150: $? = 0
configure:9154: /usr/bin/nm -B conftest.o \| sed -n -e 's/^.*[ ]\([BCDEGRST][BCDEGRST]*\)[ ][ ]*\([_A-Za-z][_A-Za-z0-9]*\)$/\1 \2 \2/p' | sed '/ __gnu_lto/d' \> conftest.nm
configure:9157: $? = 0
cannot find nm_test_var in conftest.nm
configure:9147: g++ -c -g -O2  conftest.cpp >&5
configure:9150: $? = 0
configure:9154: /usr/bin/nm -B conftest.o \| sed -n -e 's/^.*[ ]\([BCDEGRST][BCDEGRST]*\)[ ][ ]*_\([_A-Za-z][_A-Za-z0-9]*\)$/\1 _\2 \2/p' | sed '/ __gnu_lto/d' \> conftest.nm
configure:9157: $? = 0
configure:9223: g++ -o conftest -g -O2   conftest.cpp conftstm.o >&5
configure:9226: $? = 0
configure:9264: result: ok
configure:9311: checking for sysroot
configure:9342: result: no
configure:9349: checking for a working dd
configure:9393: result: /bin/dd
configure:9397: checking how to truncate binary pipes
configure:9413: result: /bin/dd bs=4096 count=1
configure:9751: checking for mt
configure:9786: result: no
configure:9806: checking if : is a manifest tool
configure:9813: : '-?'
configure:9821: result: no
configure:9882: checking for dsymutil
configure:9903: found /usr/bin/dsymutil
configure:9914: result: dsymutil
configure:9984: checking for nmedit
configure:10005: found /usr/bin/nmedit
configure:10016: result: nmedit
configure:10086: checking for lipo
configure:10107: found /usr/bin/lipo
configure:10118: result: lipo
configure:10188: checking for otool
configure:10209: found /usr/bin/otool
configure:10220: result: otool
configure:10290: checking for otool64
configure:10325: result: no
configure:10370: checking for -single_module linker flag
gcc -g -O2  -o libconftest.dylib -dynamiclib -Wl,-single_module conftest.c
configure:10404: result: yes
configure:10407: checking for -exported_symbols_list linker flag
configure:10428: g++ -o conftest -g -O2   -Wl,-exported_symbols_list,conftest.sym conftest.cpp  >&5
configure:10428: $? = 0
configure:10439: result: yes
configure:10442: checking for -force_load linker flag
gcc -g -O2 -c -o conftest.o conftest.c
ar cru libconftest.a conftest.o
ranlib libconftest.a
gcc -g -O2  -o conftest conftest.c -Wl,-force_load,./libconftest.a
configure:10475: result: yes
configure:10542: checking for dlfcn.h
configure:10542: g++ -c -g -O2  conftest.cpp >&5
configure:10542: $? = 0
configure:10542: result: yes
configure:10811: checking for objdir
configure:10827: result: .libs
configure:11091: checking if gcc supports -fno-rtti -fno-exceptions
configure:11110: gcc -c -g -O2  -fno-rtti -fno-exceptions conftest.c >&5
configure:11114: $? = 0
configure:11127: result: yes
configure:11485: checking for gcc option to produce PIC
configure:11493: result: -fno-common -DPIC
configure:11501: checking if gcc PIC flag -fno-common -DPIC works
configure:11520: gcc -c -g -O2  -fno-common -DPIC -DPIC conftest.c >&5
configure:11524: $? = 0
configure:11537: result: yes
configure:11566: checking if gcc static flag -static works
configure:11595: result: no
configure:11610: checking if gcc supports -c -o file.o
configure:11632: gcc -c -g -O2  -o out/conftest2.o conftest.c >&5
configure:11636: $? = 0
configure:11658: result: yes
configure:11666: checking if gcc supports -c -o file.o
configure:11714: result: yes
configure:11747: checking whether the gcc linker (/Library/Developer/CommandLineTools/usr/bin/ld) supports shared libraries
configure:13013: result: yes
configure:13254: checking dynamic linker characteristics
configure:14075: result: darwin20.6.0 dyld
configure:14197: checking how to hardcode library paths into programs
configure:14222: result: immediate
configure:14774: checking whether stripping libraries is possible
configure:14788: result: yes
configure:14814: checking if libtool supports shared libraries
configure:14816: result: yes
configure:14819: checking whether to build shared libraries
configure:14844: result: yes
configure:14847: checking whether to build static libraries
configure:14851: result: yes
configure:14874: checking how to run the C++ preprocessor
configure:14896: g++ -E  conftest.cpp
configure:14896: $? = 0
configure:14911: g++ -E  conftest.cpp
conftest.cpp:35:10: fatal error: 'ac_nonexistent.h' file not found
#include <ac_nonexistent.h>
         ^~~~~~~~~~~~~~~~~~
1 error generated.
configure:14911: $? = 1
configure: failed program was:
| /* confdefs.h */
| #define PACKAGE_NAME "tesseract"
| #define PACKAGE_TARNAME "tesseract"
| #define PACKAGE_VERSION "5.0.0-rc2"
| #define PACKAGE_STRING "tesseract 5.0.0-rc2"
| #define PACKAGE_BUGREPORT "https://github.com/tesseract-ocr/tesseract/issues"
| #define PACKAGE_URL "https://github.com/tesseract-ocr/tesseract/"
| #define PACKAGE "tesseract"
| #define VERSION "5.0.0-rc2"
| #define PACKAGE_NAME "tesseract"
| #define PACKAGE_VERSION "5.0.0-rc2"
| #define PACKAGE_YEAR "2021"
| #define PACKAGE_DATE "11/14"
| #define HAVE_AVX 1
| #define HAVE_AVX2 1
| #define HAVE_FMA 1
| #define HAVE_SSE4_1 1
| #define FAST_FLOAT 1
| #define HAVE_STDIO_H 1
| #define HAVE_STDLIB_H 1
| #define HAVE_STRING_H 1
| #define HAVE_INTTYPES_H 1
| #define HAVE_STDINT_H 1
| #define HAVE_STRINGS_H 1
| #define HAVE_SYS_STAT_H 1
| #define HAVE_SYS_TYPES_H 1
| #define HAVE_UNISTD_H 1
| #define STDC_HEADERS 1
| #define HAVE_TIFFIO_H 1
| #define HAVE_FRAMEWORK_ACCELERATE 1
| #define HAVE_FRAMEWORK_OPENCL 1
| #define HAVE_DLFCN_H 1
| #define LT_OBJDIR ".libs/"
| /* end confdefs.h.  */
| #include <ac_nonexistent.h>
configure:14938: result: g++ -E
configure:14952: g++ -E  conftest.cpp
configure:14952: $? = 0
configure:14967: g++ -E  conftest.cpp
conftest.cpp:35:10: fatal error: 'ac_nonexistent.h' file not found
#include <ac_nonexistent.h>
         ^~~~~~~~~~~~~~~~~~
1 error generated.
configure:14967: $? = 1
configure: failed program was:
| /* confdefs.h */
| #define PACKAGE_NAME "tesseract"
| #define PACKAGE_TARNAME "tesseract"
| #define PACKAGE_VERSION "5.0.0-rc2"
| #define PACKAGE_STRING "tesseract 5.0.0-rc2"
| #define PACKAGE_BUGREPORT "https://github.com/tesseract-ocr/tesseract/issues"
| #define PACKAGE_URL "https://github.com/tesseract-ocr/tesseract/"
| #define PACKAGE "tesseract"
| #define VERSION "5.0.0-rc2"
| #define PACKAGE_NAME "tesseract"
| #define PACKAGE_VERSION "5.0.0-rc2"
| #define PACKAGE_YEAR "2021"
| #define PACKAGE_DATE "11/14"
| #define HAVE_AVX 1
| #define HAVE_AVX2 1
| #define HAVE_FMA 1
| #define HAVE_SSE4_1 1
| #define FAST_FLOAT 1
| #define HAVE_STDIO_H 1
| #define HAVE_STDLIB_H 1
| #define HAVE_STRING_H 1
| #define HAVE_INTTYPES_H 1
| #define HAVE_STDINT_H 1
| #define HAVE_STRINGS_H 1
| #define HAVE_SYS_STAT_H 1
| #define HAVE_SYS_TYPES_H 1
| #define HAVE_UNISTD_H 1
| #define STDC_HEADERS 1
| #define HAVE_TIFFIO_H 1
| #define HAVE_FRAMEWORK_ACCELERATE 1
| #define HAVE_FRAMEWORK_OPENCL 1
| #define HAVE_DLFCN_H 1
| #define LT_OBJDIR ".libs/"
| /* end confdefs.h.  */
| #include <ac_nonexistent.h>
configure:15132: checking for ld used by g++
configure:15200: result: /Library/Developer/CommandLineTools/usr/bin/ld
configure:15207: checking if the linker (/Library/Developer/CommandLineTools/usr/bin/ld) is GNU ld
configure:15223: result: no
configure:15278: checking whether the g++ linker (/Library/Developer/CommandLineTools/usr/bin/ld) supports shared libraries
configure:16355: result: yes
configure:16391: g++ -c -g -O2  conftest.cpp >&5
configure:16394: $? = 0
configure:16875: checking for g++ option to produce PIC
configure:16883: result: -fno-common -DPIC
configure:16891: checking if g++ PIC flag -fno-common -DPIC works
configure:16910: g++ -c -g -O2  -fno-common -DPIC -DPIC conftest.cpp >&5
configure:16914: $? = 0
configure:16927: result: yes
configure:16950: checking if g++ static flag -static works
configure:16979: result: no
configure:16991: checking if g++ supports -c -o file.o
configure:17013: g++ -c -g -O2  -o out/conftest2.o conftest.cpp >&5
configure:17017: $? = 0
configure:17039: result: yes
configure:17044: checking if g++ supports -c -o file.o
configure:17092: result: yes
configure:17122: checking whether the g++ linker (/Library/Developer/CommandLineTools/usr/bin/ld) supports shared libraries
configure:17162: result: yes
configure:17304: checking dynamic linker characteristics
configure:18052: result: darwin20.6.0 dyld
configure:18117: checking how to hardcode library paths into programs
configure:18142: result: immediate
configure:18211: checking whether C++ compiler accepts -std=c++17
configure:18231: g++ -c -g -O2 -Werror=unused-command-line-argument -std=c++17  conftest.cpp >&5
configure:18231: $? = 0
configure:18241: result: yes
configure:18251: checking whether C++ compiler accepts -std=c++20
configure:18271: g++ -c -g -O2 -Werror=unused-command-line-argument -std=c++20  conftest.cpp >&5
error: invalid value 'c++20' in '-std=c++20'
note: use 'c++98' or 'c++03' for 'ISO C++ 1998 with amendments' standard
note: use 'gnu++98' or 'gnu++03' for 'ISO C++ 1998 with amendments and GNU extensions' standard
note: use 'c++11' for 'ISO C++ 2011 with amendments' standard
note: use 'gnu++11' for 'ISO C++ 2011 with amendments and GNU extensions' standard
note: use 'c++14' for 'ISO C++ 2014 with amendments' standard
note: use 'gnu++14' for 'ISO C++ 2014 with amendments and GNU extensions' standard
note: use 'c++17' for 'ISO C++ 2017 with amendments' standard
note: use 'gnu++17' for 'ISO C++ 2017 with amendments and GNU extensions' standard
note: use 'c++2a' for 'Working draft for ISO C++ 2020' standard
note: use 'gnu++2a' for 'Working draft for ISO C++ 2020 with GNU extensions' standard
configure:18271: $? = 1
configure: failed program was:
| /* confdefs.h */
| #define PACKAGE_NAME "tesseract"
| #define PACKAGE_TARNAME "tesseract"
| #define PACKAGE_VERSION "5.0.0-rc2"
| #define PACKAGE_STRING "tesseract 5.0.0-rc2"
| #define PACKAGE_BUGREPORT "https://github.com/tesseract-ocr/tesseract/issues"
| #define PACKAGE_URL "https://github.com/tesseract-ocr/tesseract/"
| #define PACKAGE "tesseract"
| #define VERSION "5.0.0-rc2"
| #define PACKAGE_NAME "tesseract"
| #define PACKAGE_VERSION "5.0.0-rc2"
| #define PACKAGE_YEAR "2021"
| #define PACKAGE_DATE "11/14"
| #define HAVE_AVX 1
| #define HAVE_AVX2 1
| #define HAVE_FMA 1
| #define HAVE_SSE4_1 1
| #define FAST_FLOAT 1
| #define HAVE_STDIO_H 1
| #define HAVE_STDLIB_H 1
| #define HAVE_STRING_H 1
| #define HAVE_INTTYPES_H 1
| #define HAVE_STDINT_H 1
| #define HAVE_STRINGS_H 1
| #define HAVE_SYS_STAT_H 1
| #define HAVE_SYS_TYPES_H 1
| #define HAVE_UNISTD_H 1
| #define STDC_HEADERS 1
| #define HAVE_TIFFIO_H 1
| #define HAVE_FRAMEWORK_ACCELERATE 1
| #define HAVE_FRAMEWORK_OPENCL 1
| #define HAVE_DLFCN_H 1
| #define LT_OBJDIR ".libs/"
| /* end confdefs.h.  */
| 
| int
| main (void)
| {
| 
|   ;
|   return 0;
| }
configure:18281: result: no
configure:18317: checking for library containing pthread_create
configure:18346: g++ -o conftest -g -O2 -std=c++17   conftest.cpp  >&5
configure:18346: $? = 0
configure:18366: result: none required
configure:18408: checking for asciidoc
configure:18441: result: false
configure:18451: checking for xsltproc
configure:18472: found /usr/bin/xsltproc
configure:18484: result: true
configure:18584: checking for wchar_t
configure:18584: g++ -c -g -O2 -std=c++17  conftest.cpp >&5
configure:18584: $? = 0
configure:18584: g++ -c -g -O2 -std=c++17  conftest.cpp >&5
conftest.cpp:40:22: error: expected expression
if (sizeof ((wchar_t)))
                     ^
1 error generated.
configure:18584: $? = 1
configure: failed program was:
| /* confdefs.h */
| #define PACKAGE_NAME "tesseract"
| #define PACKAGE_TARNAME "tesseract"
| #define PACKAGE_VERSION "5.0.0-rc2"
| #define PACKAGE_STRING "tesseract 5.0.0-rc2"
| #define PACKAGE_BUGREPORT "https://github.com/tesseract-ocr/tesseract/issues"
| #define PACKAGE_URL "https://github.com/tesseract-ocr/tesseract/"
| #define PACKAGE "tesseract"
| #define VERSION "5.0.0-rc2"
| #define PACKAGE_NAME "tesseract"
| #define PACKAGE_VERSION "5.0.0-rc2"
| #define PACKAGE_YEAR "2021"
| #define PACKAGE_DATE "11/14"
| #define HAVE_AVX 1
| #define HAVE_AVX2 1
| #define HAVE_FMA 1
| #define HAVE_SSE4_1 1
| #define FAST_FLOAT 1
| #define HAVE_STDIO_H 1
| #define HAVE_STDLIB_H 1
| #define HAVE_STRING_H 1
| #define HAVE_INTTYPES_H 1
| #define HAVE_STDINT_H 1
| #define HAVE_STRINGS_H 1
| #define HAVE_SYS_STAT_H 1
| #define HAVE_SYS_TYPES_H 1
| #define HAVE_UNISTD_H 1
| #define STDC_HEADERS 1
| #define HAVE_TIFFIO_H 1
| #define HAVE_FRAMEWORK_ACCELERATE 1
| #define HAVE_FRAMEWORK_OPENCL 1
| #define HAVE_DLFCN_H 1
| #define LT_OBJDIR ".libs/"
| /* end confdefs.h.  */
| #include "wchar.h"
| 
| int
| main (void)
| {
| if (sizeof ((wchar_t)))
| 	    return 0;
|   ;
|   return 0;
| }
configure:18584: result: yes
configure:18594: checking for long long int
configure:18594: g++ -c -g -O2 -std=c++17  conftest.cpp >&5
configure:18594: $? = 0
configure:18594: g++ -c -g -O2 -std=c++17  conftest.cpp >&5
conftest.cpp:67:28: error: expected expression
if (sizeof ((long long int)))
                           ^
1 error generated.
configure:18594: $? = 1
configure: failed program was:
| /* confdefs.h */
| #define PACKAGE_NAME "tesseract"
| #define PACKAGE_TARNAME "tesseract"
| #define PACKAGE_VERSION "5.0.0-rc2"
| #define PACKAGE_STRING "tesseract 5.0.0-rc2"
| #define PACKAGE_BUGREPORT "https://github.com/tesseract-ocr/tesseract/issues"
| #define PACKAGE_URL "https://github.com/tesseract-ocr/tesseract/"
| #define PACKAGE "tesseract"
| #define VERSION "5.0.0-rc2"
| #define PACKAGE_NAME "tesseract"
| #define PACKAGE_VERSION "5.0.0-rc2"
| #define PACKAGE_YEAR "2021"
| #define PACKAGE_DATE "11/14"
| #define HAVE_AVX 1
| #define HAVE_AVX2 1
| #define HAVE_FMA 1
| #define HAVE_SSE4_1 1
| #define FAST_FLOAT 1
| #define HAVE_STDIO_H 1
| #define HAVE_STDLIB_H 1
| #define HAVE_STRING_H 1
| #define HAVE_INTTYPES_H 1
| #define HAVE_STDINT_H 1
| #define HAVE_STRINGS_H 1
| #define HAVE_SYS_STAT_H 1
| #define HAVE_SYS_TYPES_H 1
| #define HAVE_UNISTD_H 1
| #define STDC_HEADERS 1
| #define HAVE_TIFFIO_H 1
| #define HAVE_FRAMEWORK_ACCELERATE 1
| #define HAVE_FRAMEWORK_OPENCL 1
| #define HAVE_DLFCN_H 1
| #define LT_OBJDIR ".libs/"
| #define HAVE_WCHAR_T 1
| /* end confdefs.h.  */
| #include <stddef.h>
| #ifdef HAVE_STDIO_H
| # include <stdio.h>
| #endif
| #ifdef HAVE_STDLIB_H
| # include <stdlib.h>
| #endif
| #ifdef HAVE_STRING_H
| # include <string.h>
| #endif
| #ifdef HAVE_INTTYPES_H
| # include <inttypes.h>
| #endif
| #ifdef HAVE_STDINT_H
| # include <stdint.h>
| #endif
| #ifdef HAVE_STRINGS_H
| # include <strings.h>
| #endif
| #ifdef HAVE_SYS_TYPES_H
| # include <sys/types.h>
| #endif
| #ifdef HAVE_SYS_STAT_H
| # include <sys/stat.h>
| #endif
| #ifdef HAVE_UNISTD_H
| # include <unistd.h>
| #endif
| int
| main (void)
| {
| if (sizeof ((long long int)))
| 	    return 0;
|   ;
|   return 0;
| }
configure:18594: result: yes
configure:18675: checking for pkg-config
configure:18698: found /usr/local/bin/pkg-config
configure:18710: result: /usr/local/bin/pkg-config
configure:18735: checking pkg-config is at least version 0.9.0
configure:18738: result: yes
configure:18751: checking for libcurl
configure:18758: $PKG_CONFIG --exists --print-errors "libcurl"
configure:18761: $? = 0
configure:18775: $PKG_CONFIG --exists --print-errors "libcurl"
configure:18778: $? = 0
configure:18816: result: yes
configure:18848: checking for lept >= 1.74
configure:18855: $PKG_CONFIG --exists --print-errors "lept >= 1.74"
configure:18858: $? = 0
configure:18872: $PKG_CONFIG --exists --print-errors "lept >= 1.74"
configure:18875: $? = 0
configure:18913: result: yes
configure:18936: checking for libarchive
configure:18943: $PKG_CONFIG --exists --print-errors "libarchive"
configure:18946: $? = 0
configure:18960: $PKG_CONFIG --exists --print-errors "libarchive"
configure:18963: $? = 0
configure:19001: result: yes
configure:19044: checking for icu-uc >= 52.1
configure:19051: $PKG_CONFIG --exists --print-errors "icu-uc >= 52.1"
configure:19054: $? = 0
configure:19068: $PKG_CONFIG --exists --print-errors "icu-uc >= 52.1"
configure:19071: $? = 0
configure:19109: result: yes
configure:19115: checking for icu-i18n >= 52.1
configure:19122: $PKG_CONFIG --exists --print-errors "icu-i18n >= 52.1"
configure:19125: $? = 0
configure:19139: $PKG_CONFIG --exists --print-errors "icu-i18n >= 52.1"
configure:19142: $? = 0
configure:19180: result: yes
configure:19204: checking for pango >= 1.38.0
configure:19211: $PKG_CONFIG --exists --print-errors "pango >= 1.38.0"
configure:19214: $? = 0
configure:19228: $PKG_CONFIG --exists --print-errors "pango >= 1.38.0"
configure:19231: $? = 0
configure:19269: result: yes
configure:19293: checking for cairo
configure:19300: $PKG_CONFIG --exists --print-errors "cairo"
configure:19303: $? = 0
configure:19317: $PKG_CONFIG --exists --print-errors "cairo"
configure:19320: $? = 0
configure:19358: result: yes
configure:19379: checking for pangocairo
configure:19386: $PKG_CONFIG --exists --print-errors "pangocairo"
configure:19389: $? = 0
configure:19403: $PKG_CONFIG --exists --print-errors "pangocairo"
configure:19406: $? = 0
configure:19444: result: yes
configure:19450: checking for pangoft2
configure:19457: $PKG_CONFIG --exists --print-errors "pangoft2"
configure:19460: $? = 0
configure:19474: $PKG_CONFIG --exists --print-errors "pangoft2"
configure:19477: $? = 0
configure:19515: result: yes
configure:19656: checking that generated files are newer than configure
configure:19662: result: done
configure:19849: creating ./config.status

## ---------------- ##
## Cache variables. ##
## ---------------- ##

ac_cv_build=x86_64-apple-darwin20.6.0
ac_cv_c_compiler_gnu=yes
ac_cv_cxx_compiler_gnu=yes
ac_cv_env_CCC_set=
ac_cv_env_CCC_value=
ac_cv_env_CC_set=
ac_cv_env_CC_value=
ac_cv_env_CFLAGS_set=
ac_cv_env_CFLAGS_value=
ac_cv_env_CPPFLAGS_set=
ac_cv_env_CPPFLAGS_value=
ac_cv_env_CXXCPP_set=
ac_cv_env_CXXCPP_value=
ac_cv_env_CXXFLAGS_set=
ac_cv_env_CXXFLAGS_value=
ac_cv_env_CXX_set=
ac_cv_env_CXX_value=
ac_cv_env_ICU_I18N_CFLAGS_set=
ac_cv_env_ICU_I18N_CFLAGS_value=
ac_cv_env_ICU_I18N_LIBS_set=
ac_cv_env_ICU_I18N_LIBS_value=
ac_cv_env_ICU_UC_CFLAGS_set=
ac_cv_env_ICU_UC_CFLAGS_value=
ac_cv_env_ICU_UC_LIBS_set=
ac_cv_env_ICU_UC_LIBS_value=
ac_cv_env_LDFLAGS_set=
ac_cv_env_LDFLAGS_value=
ac_cv_env_LEPTONICA_CFLAGS_set=
ac_cv_env_LEPTONICA_CFLAGS_value=
ac_cv_env_LEPTONICA_LIBS_set=
ac_cv_env_LEPTONICA_LIBS_value=
ac_cv_env_LIBS_set=
ac_cv_env_LIBS_value=
ac_cv_env_LT_SYS_LIBRARY_PATH_set=
ac_cv_env_LT_SYS_LIBRARY_PATH_value=
ac_cv_env_PKG_CONFIG_LIBDIR_set=
ac_cv_env_PKG_CONFIG_LIBDIR_value=
ac_cv_env_PKG_CONFIG_PATH_set=set
ac_cv_env_PKG_CONFIG_PATH_value=/usr/local/opt/icu4c/lib/pkgconfig:/usr/local/opt/libarchive/lib/pkgconfig:/usr/local/opt/libffi/lib/pkgconfig
ac_cv_env_PKG_CONFIG_set=
ac_cv_env_PKG_CONFIG_value=
ac_cv_env_build_alias_set=
ac_cv_env_build_alias_value=
ac_cv_env_cairo_CFLAGS_set=
ac_cv_env_cairo_CFLAGS_value=
ac_cv_env_cairo_LIBS_set=
ac_cv_env_cairo_LIBS_value=
ac_cv_env_host_alias_set=
ac_cv_env_host_alias_value=
ac_cv_env_libarchive_CFLAGS_set=
ac_cv_env_libarchive_CFLAGS_value=
ac_cv_env_libarchive_LIBS_set=
ac_cv_env_libarchive_LIBS_value=
ac_cv_env_libcurl_CFLAGS_set=
ac_cv_env_libcurl_CFLAGS_value=
ac_cv_env_libcurl_LIBS_set=
ac_cv_env_libcurl_LIBS_value=
ac_cv_env_pango_CFLAGS_set=
ac_cv_env_pango_CFLAGS_value=
ac_cv_env_pango_LIBS_set=
ac_cv_env_pango_LIBS_value=
ac_cv_env_pangocairo_CFLAGS_set=
ac_cv_env_pangocairo_CFLAGS_value=
ac_cv_env_pangocairo_LIBS_set=
ac_cv_env_pangocairo_LIBS_value=
ac_cv_env_pangoft2_CFLAGS_set=
ac_cv_env_pangoft2_CFLAGS_value=
ac_cv_env_pangoft2_LIBS_set=
ac_cv_env_pangoft2_LIBS_value=
ac_cv_env_target_alias_set=
ac_cv_env_target_alias_value=
ac_cv_header_dlfcn_h=yes
ac_cv_header_inttypes_h=yes
ac_cv_header_stdint_h=yes
ac_cv_header_stdio_h=yes
ac_cv_header_stdlib_h=yes
ac_cv_header_string_h=yes
ac_cv_header_strings_h=yes
ac_cv_header_sys_stat_h=yes
ac_cv_header_sys_types_h=yes
ac_cv_header_tensorflow_core_framework_graph_pb_h=no
ac_cv_header_tiffio_h=yes
ac_cv_header_unistd_h=yes
ac_cv_host=x86_64-apple-darwin20.6.0
ac_cv_objext=o
ac_cv_path_EGREP='/usr/bin/grep -E'
ac_cv_path_FGREP='/usr/bin/grep -F'
ac_cv_path_GREP=/usr/bin/grep
ac_cv_path_SED=/usr/bin/sed
ac_cv_path_ac_pt_PKG_CONFIG=/usr/local/bin/pkg-config
ac_cv_path_install='/usr/bin/install -c'
ac_cv_path_lt_DD=/bin/dd
ac_cv_prog_AWK=awk
ac_cv_prog_CXXCPP='g++ -E'
ac_cv_prog_ac_ct_AR=ar
ac_cv_prog_ac_ct_CC=gcc
ac_cv_prog_ac_ct_CXX=g++
ac_cv_prog_ac_ct_DSYMUTIL=dsymutil
ac_cv_prog_ac_ct_LIPO=lipo
ac_cv_prog_ac_ct_NMEDIT=nmedit
ac_cv_prog_ac_ct_OBJDUMP=objdump
ac_cv_prog_ac_ct_OTOOL=otool
ac_cv_prog_ac_ct_RANLIB=ranlib
ac_cv_prog_ac_ct_STRIP=strip
ac_cv_prog_cc_c11=
ac_cv_prog_cc_g=yes
ac_cv_prog_cc_stdc=
ac_cv_prog_cxx_11=no
ac_cv_prog_cxx_g=yes
ac_cv_prog_cxx_openmp=unsupported
ac_cv_prog_cxx_stdcxx=
ac_cv_prog_have_asciidoc=false
ac_cv_prog_have_xsltproc=true
ac_cv_prog_make_make_set=yes
ac_cv_search_pthread_create='none required'
ac_cv_type_long_long_int=yes
ac_cv_type_wchar_t=yes
am_cv_CC_dependencies_compiler_type=gcc3
am_cv_CXX_dependencies_compiler_type=gcc3
am_cv_make_support_nested_variables=yes
am_cv_prog_cc_c_o=yes
ax_cv_check_cxxflags___Werror_unused_command_line_argument=yes
ax_cv_check_cxxflags__fopenmp_simd=yes
ax_cv_check_cxxflags__mavx2=yes
ax_cv_check_cxxflags__mavx=yes
ax_cv_check_cxxflags__mfma=yes
ax_cv_check_cxxflags__msse4_1=yes
ax_cv_check_cxxflags__std_cpp17=yes
ax_cv_check_cxxflags__std_cpp20=no
lt_cv_apple_cc_single_mod=yes
lt_cv_ar_at_file=no
lt_cv_deplibs_check_method=pass_all
lt_cv_file_magic_cmd='$MAGIC_CMD'
lt_cv_file_magic_test_file=
lt_cv_ld_exported_symbols_list=yes
lt_cv_ld_force_load=yes
lt_cv_ld_reload_flag=-r
lt_cv_nm_interface='BSD nm'
lt_cv_objdir=.libs
lt_cv_path_LD=/Library/Developer/CommandLineTools/usr/bin/ld
lt_cv_path_LDCXX=/Library/Developer/CommandLineTools/usr/bin/ld
lt_cv_path_NM='/usr/bin/nm -B'
lt_cv_path_mainfest_tool=no
lt_cv_prog_compiler_c_o=yes
lt_cv_prog_compiler_c_o_CXX=yes
lt_cv_prog_compiler_pic='-fno-common -DPIC'
lt_cv_prog_compiler_pic_CXX='-fno-common -DPIC'
lt_cv_prog_compiler_pic_works=yes
lt_cv_prog_compiler_pic_works_CXX=yes
lt_cv_prog_compiler_rtti_exceptions=yes
lt_cv_prog_compiler_static_works=no
lt_cv_prog_compiler_static_works_CXX=no
lt_cv_prog_gnu_ld=no
lt_cv_prog_gnu_ldcxx=no
lt_cv_sharedlib_from_linklib_cmd='printf %s\n'
lt_cv_sys_global_symbol_pipe='sed -n -e '\''s/^.*[	 ]\([BCDEGRST][BCDEGRST]*\)[	 ][	 ]*_\([_A-Za-z][_A-Za-z0-9]*\)$/\1 _\2 \2/p'\'' | sed '\''/ __gnu_lto/d'\'''
lt_cv_sys_global_symbol_to_c_name_address='sed -n -e '\''s/^: \(.*\) .*$/  {"\1", (void *) 0},/p'\'' -e '\''s/^[BCDEGRST][BCDEGRST]* .* \(.*\)$/  {"\1", (void *) \&\1},/p'\'''
lt_cv_sys_global_symbol_to_c_name_address_lib_prefix='sed -n -e '\''s/^: \(.*\) .*$/  {"\1", (void *) 0},/p'\'' -e '\''s/^[BCDEGRST][BCDEGRST]* .* \(lib.*\)$/  {"\1", (void *) \&\1},/p'\'' -e '\''s/^[BCDEGRST][BCDEGRST]* .* \(.*\)$/  {"lib\1", (void *) \&\1},/p'\'''
lt_cv_sys_global_symbol_to_cdecl='sed -n -e '\''s/^T .* \(.*\)$/extern int \1();/p'\'' -e '\''s/^[BCDEGRST][BCDEGRST]* .* \(.*\)$/extern char \1;/p'\'''
lt_cv_sys_global_symbol_to_import=
lt_cv_sys_max_cmd_len=786432
lt_cv_to_host_file_cmd=func_convert_file_noop
lt_cv_to_tool_file_cmd=func_convert_file_noop
lt_cv_truncate_bin='/bin/dd bs=4096 count=1'
my_cv_framework_Accelerate=yes
my_cv_framework_OpenCL=yes
pkg_cv_ICU_I18N_CFLAGS=-I/usr/local/Cellar/icu4c/69.1/include
pkg_cv_ICU_I18N_LIBS='-L/usr/local/Cellar/icu4c/69.1/lib -licui18n -licuuc -licudata'
pkg_cv_ICU_UC_CFLAGS=-I/usr/local/Cellar/icu4c/69.1/include
pkg_cv_ICU_UC_LIBS='-L/usr/local/Cellar/icu4c/69.1/lib -licuuc -licudata'
pkg_cv_LEPTONICA_CFLAGS=-I/usr/local/Cellar/leptonica/1.82.0/include/leptonica
pkg_cv_LEPTONICA_LIBS='-L/usr/local/Cellar/leptonica/1.82.0/lib -llept'
pkg_cv_cairo_CFLAGS='-I/usr/local/Cellar/libffi/3.4.2/include -I/usr/local/Cellar/cairo/1.16.0_5/include/cairo -I/usr/local/Cellar/glib/2.70.1/include -I/usr/local/Cellar/glib/2.70.1/include/glib-2.0 -I/usr/local/Cellar/glib/2.70.1/lib/glib-2.0/include -I/usr/local/opt/gettext/include -I/usr/local/Cellar/pcre/8.45/include -I/usr/local/Cellar/pixman/0.40.0/include/pixman-1 -I/usr/local/Cellar/fontconfig/2.13.1/include -I/usr/local/opt/freetype/include/freetype2 -I/usr/local/Cellar/libpng/1.6.37/include/libpng16 -I/usr/local/Cellar/libxcb/1.14_1/include -I/usr/local/Cellar/libxrender/0.9.10/include -I/usr/local/Cellar/libxext/1.3.4/include -I/usr/local/Cellar/libx11/1.7.2/include -I/usr/local/Cellar/libxcb/1.14_1/include -I/usr/local/Cellar/libxau/1.0.9/include -I/usr/local/Cellar/libxdmcp/1.1.3/include -I/usr/local/Cellar/xorgproto/2021.5/include'
pkg_cv_cairo_LIBS='-L/usr/local/Cellar/cairo/1.16.0_5/lib -lcairo'
pkg_cv_libarchive_CFLAGS=-I/usr/local/Cellar/libarchive/3.5.2/include
pkg_cv_libarchive_LIBS='-L/usr/local/Cellar/libarchive/3.5.2/lib -larchive'
pkg_cv_libcurl_CFLAGS=
pkg_cv_libcurl_LIBS=-lcurl
pkg_cv_pango_CFLAGS='-I/usr/local/Cellar/libffi/3.4.2/include -I/usr/local/Cellar/pango/1.48.10/include/pango-1.0 -I/usr/local/Cellar/glib/2.70.1/include -I/usr/local/Cellar/fribidi/1.0.11/include/fribidi -I/usr/local/Cellar/cairo/1.16.0_5/include/cairo -I/usr/local/Cellar/pixman/0.40.0/include/pixman-1 -I/usr/local/Cellar/fontconfig/2.13.1/include -I/usr/local/Cellar/libpng/1.6.37/include/libpng16 -I/usr/local/Cellar/libxcb/1.14_1/include -I/usr/local/Cellar/libxrender/0.9.10/include -I/usr/local/Cellar/libxext/1.3.4/include -I/usr/local/Cellar/libx11/1.7.2/include -I/usr/local/Cellar/libxcb/1.14_1/include -I/usr/local/Cellar/libxau/1.0.9/include -I/usr/local/Cellar/libxdmcp/1.1.3/include -I/usr/local/Cellar/glib/2.70.1/include -I/usr/local/Cellar/harfbuzz/3.1.1/include/harfbuzz -I/usr/local/opt/freetype/include/freetype2 -I/usr/local/Cellar/graphite2/1.3.14/include -I/usr/local/Cellar/glib/2.70.1/include/glib-2.0 -I/usr/local/Cellar/glib/2.70.1/lib/glib-2.0/include -I/usr/local/opt/gettext/include -I/usr/local/Cellar/pcre/8.45/include -I/usr/local/Cellar/xorgproto/2021.5/include'
pkg_cv_pango_LIBS='-L/usr/local/Cellar/pango/1.48.10/lib -L/usr/local/Cellar/glib/2.70.1/lib -L/usr/local/opt/gettext/lib -L/usr/local/Cellar/harfbuzz/3.1.1/lib -lpango-1.0 -lgobject-2.0 -lglib-2.0 -lintl -lharfbuzz'
pkg_cv_pangocairo_CFLAGS='-I/usr/local/Cellar/libffi/3.4.2/include -I/usr/local/Cellar/pango/1.48.10/include/pango-1.0 -I/usr/local/Cellar/harfbuzz/3.1.1/include/harfbuzz -I/usr/local/Cellar/pango/1.48.10/include/pango-1.0 -I/usr/local/Cellar/glib/2.70.1/include -I/usr/local/Cellar/fribidi/1.0.11/include/fribidi -I/usr/local/Cellar/harfbuzz/3.1.1/include/harfbuzz -I/usr/local/Cellar/graphite2/1.3.14/include -I/usr/local/Cellar/cairo/1.16.0_5/include/cairo -I/usr/local/Cellar/glib/2.70.1/include -I/usr/local/Cellar/glib/2.70.1/include/glib-2.0 -I/usr/local/Cellar/glib/2.70.1/lib/glib-2.0/include -I/usr/local/opt/gettext/include -I/usr/local/Cellar/pcre/8.45/include -I/usr/local/Cellar/pixman/0.40.0/include/pixman-1 -I/usr/local/Cellar/fontconfig/2.13.1/include -I/usr/local/opt/freetype/include/freetype2 -I/usr/local/Cellar/libpng/1.6.37/include/libpng16 -I/usr/local/Cellar/libxcb/1.14_1/include -I/usr/local/Cellar/libxrender/0.9.10/include -I/usr/local/Cellar/libxext/1.3.4/include -I/usr/local/Cellar/libx11/1.7.2/include -I/usr/local/Cellar/libxcb/1.14_1/include -I/usr/local/Cellar/libxau/1.0.9/include -I/usr/local/Cellar/libxdmcp/1.1.3/include -I/usr/local/Cellar/xorgproto/2021.5/include'
pkg_cv_pangocairo_LIBS='-L/usr/local/Cellar/pango/1.48.10/lib -L/usr/local/Cellar/glib/2.70.1/lib -L/usr/local/opt/gettext/lib -L/usr/local/Cellar/harfbuzz/3.1.1/lib -L/usr/local/Cellar/cairo/1.16.0_5/lib -lpangocairo-1.0 -lpango-1.0 -lgobject-2.0 -lglib-2.0 -lintl -lharfbuzz -lcairo'
pkg_cv_pangoft2_CFLAGS='-I/usr/local/Cellar/libffi/3.4.2/include -I/usr/local/Cellar/pango/1.48.10/include/pango-1.0 -I/usr/local/Cellar/harfbuzz/3.1.1/include/harfbuzz -I/usr/local/Cellar/pango/1.48.10/include/pango-1.0 -I/usr/local/Cellar/glib/2.70.1/include -I/usr/local/Cellar/fribidi/1.0.11/include/fribidi -I/usr/local/Cellar/cairo/1.16.0_5/include/cairo -I/usr/local/Cellar/pixman/0.40.0/include/pixman-1 -I/usr/local/Cellar/libpng/1.6.37/include/libpng16 -I/usr/local/Cellar/libxcb/1.14_1/include -I/usr/local/Cellar/libxrender/0.9.10/include -I/usr/local/Cellar/libxext/1.3.4/include -I/usr/local/Cellar/libx11/1.7.2/include -I/usr/local/Cellar/libxcb/1.14_1/include -I/usr/local/Cellar/libxau/1.0.9/include -I/usr/local/Cellar/libxdmcp/1.1.3/include -I/usr/local/Cellar/glib/2.70.1/include -I/usr/local/Cellar/harfbuzz/3.1.1/include/harfbuzz -I/usr/local/Cellar/graphite2/1.3.14/include -I/usr/local/Cellar/glib/2.70.1/include/glib-2.0 -I/usr/local/Cellar/glib/2.70.1/lib/glib-2.0/include -I/usr/local/opt/gettext/include -I/usr/local/Cellar/pcre/8.45/include -I/usr/local/Cellar/fontconfig/2.13.1/include -I/usr/local/opt/freetype/include/freetype2 -I/usr/local/Cellar/xorgproto/2021.5/include'
pkg_cv_pangoft2_LIBS='-L/usr/local/Cellar/pango/1.48.10/lib -L/usr/local/Cellar/glib/2.70.1/lib -L/usr/local/opt/gettext/lib -L/usr/local/Cellar/harfbuzz/3.1.1/lib -L/usr/local/Cellar/fontconfig/2.13.1/lib -L/usr/local/opt/freetype/lib -lpangoft2-1.0 -lpango-1.0 -lgobject-2.0 -lglib-2.0 -lintl -lharfbuzz -lfontconfig -lfreetype'

## ----------------- ##
## Output variables. ##
## ----------------- ##

ACLOCAL='${SHELL} '\''/Users/brianmccaffrey/Documents/Uni/Senior/SoftwareDesignFinal/prj-01-openhighlightcopypaste/lib/tesseract/config/missing'\'' aclocal-1.16'
ADD_RT_FALSE=''
ADD_RT_TRUE='#'
AMDEPBACKSLASH='\'
AMDEP_FALSE='#'
AMDEP_TRUE=''
AMTAR='$${TAR-tar}'
AM_BACKSLASH='\'
AM_CPPFLAGS='-DHAVE_FRAMEWORK_ACCELERATE  -O2 -DNDEBUG'
AM_DEFAULT_V='$(AM_DEFAULT_VERBOSITY)'
AM_DEFAULT_VERBOSITY='0'
AM_LDFLAGS=' -framework Accelerate'
AM_V='$(V)'
AR='ar'
ASCIIDOC_FALSE=''
ASCIIDOC_TRUE='#'
AUTOCONF='${SHELL} '\''/Users/brianmccaffrey/Documents/Uni/Senior/SoftwareDesignFinal/prj-01-openhighlightcopypaste/lib/tesseract/config/missing'\'' autoconf'
AUTOHEADER='${SHELL} '\''/Users/brianmccaffrey/Documents/Uni/Senior/SoftwareDesignFinal/prj-01-openhighlightcopypaste/lib/tesseract/config/missing'\'' autoheader'
AUTOMAKE='${SHELL} '\''/Users/brianmccaffrey/Documents/Uni/Senior/SoftwareDesignFinal/prj-01-openhighlightcopypaste/lib/tesseract/config/missing'\'' automake-1.16'
AWK='awk'
CC='gcc'
CCDEPMODE='depmode=gcc3'
CFLAGS='-g -O2'
CPPFLAGS=' -I/usr/local/Cellar/leptonica/1.82.0/include/leptonica -I/usr/local/Cellar/libarchive/3.5.2/include'
CSCOPE='cscope'
CTAGS='ctags'
CXX='g++'
CXXCPP='g++ -E'
CXXDEPMODE='depmode=gcc3'
CXXFLAGS='-g -O2 -std=c++17'
CYGPATH_W='echo'
DEFS='-DHAVE_CONFIG_H'
DEPDIR='.deps'
DISABLED_LEGACY_ENGINE_FALSE=''
DISABLED_LEGACY_ENGINE_TRUE='#'
DLLTOOL='false'
DSYMUTIL='dsymutil'
DUMPBIN=''
ECHO_C='\c'
ECHO_N=''
ECHO_T=''
EGREP='/usr/bin/grep -E'
ENABLE_TRAINING_FALSE='#'
ENABLE_TRAINING_TRUE=''
ETAGS='etags'
EXEEXT=''
FGREP='/usr/bin/grep -F'
FRAMEWORK_ACCELERATE='-framework Accelerate'
FRAMEWORK_OPENCL='-framework OpenCL'
GENERIC_API_VERSION='5.0'
GENERIC_LIBRARY_NAME='tesseract'
GENERIC_LIBRARY_VERSION='5:0'
GENERIC_MAJOR_VERSION='5'
GENERIC_MICRO_VERSION='0'
GENERIC_MINOR_VERSION='0'
GENERIC_RELEASE='5.0'
GENERIC_VERSION='5.0.0'
GRAPHICS_DISABLED_FALSE=''
GRAPHICS_DISABLED_TRUE='#'
GREP='/usr/bin/grep'
HAVE_AVX2_FALSE='#'
HAVE_AVX2_TRUE=''
HAVE_AVX_FALSE='#'
HAVE_AVX_TRUE=''
HAVE_FMA_FALSE='#'
HAVE_FMA_TRUE=''
HAVE_LIBARCHIVE_FALSE='#'
HAVE_LIBARCHIVE_TRUE=''
HAVE_LIBCURL_FALSE='#'
HAVE_LIBCURL_TRUE=''
HAVE_NEON_FALSE=''
HAVE_NEON_TRUE='#'
HAVE_SSE4_1_FALSE='#'
HAVE_SSE4_1_TRUE=''
HAVE_XML_CATALOG_FILES_FALSE=''
HAVE_XML_CATALOG_FILES_TRUE='#'
ICU_I18N_CFLAGS='-I/usr/local/Cellar/icu4c/69.1/include'
ICU_I18N_LIBS='-L/usr/local/Cellar/icu4c/69.1/lib -licui18n -licuuc -licudata'
ICU_UC_CFLAGS='-I/usr/local/Cellar/icu4c/69.1/include'
ICU_UC_LIBS='-L/usr/local/Cellar/icu4c/69.1/lib -licuuc -licudata'
INSTALL_DATA='${INSTALL} -m 644'
INSTALL_PROGRAM='${INSTALL}'
INSTALL_SCRIPT='${INSTALL}'
INSTALL_STRIP_PROGRAM='$(install_sh) -c -s'
LD='/Library/Developer/CommandLineTools/usr/bin/ld'
LDFLAGS=''
LEPTONICA_CFLAGS='-I/usr/local/Cellar/leptonica/1.82.0/include/leptonica'
LEPTONICA_LIBS='-L/usr/local/Cellar/leptonica/1.82.0/lib -llept'
LIBOBJS=''
LIBS=''
LIBTOOL='$(SHELL) $(top_builddir)/libtool'
LIPO='lipo'
LN_S='ln -s'
LTLIBOBJS=''
LT_SYS_LIBRARY_PATH=''
MAKEINFO='${SHELL} '\''/Users/brianmccaffrey/Documents/Uni/Senior/SoftwareDesignFinal/prj-01-openhighlightcopypaste/lib/tesseract/config/missing'\'' makeinfo'
MANIFEST_TOOL=':'
MKDIR_P='../config/install-sh -c -d'
NEON_CXXFLAGS=''
NM='/usr/bin/nm -B'
NMEDIT='nmedit'
NOUNDEFINED=''
NO_TESSDATA_PREFIX_FALSE=''
NO_TESSDATA_PREFIX_TRUE='#'
OBJDUMP='objdump'
OBJEXT='o'
OPENCL_CPPFLAGS=''
OPENCL_FALSE=''
OPENCL_LDFLAGS=''
OPENCL_TRUE='#'
OPENMP_CXXFLAGS=''
OPENMP_SIMD_FALSE='#'
OPENMP_SIMD_TRUE=''
OTOOL64=':'
OTOOL='otool'
PACKAGE='tesseract'
PACKAGE_BUGREPORT='https://github.com/tesseract-ocr/tesseract/issues'
PACKAGE_DATE='11/14'
PACKAGE_NAME='tesseract'
PACKAGE_STRING='tesseract 5.0.0-rc2'
PACKAGE_TARNAME='tesseract'
PACKAGE_URL='https://github.com/tesseract-ocr/tesseract/'
PACKAGE_VERSION='5.0.0-rc2'
PACKAGE_YEAR='2021'
PATH_SEPARATOR=':'
PKG_CONFIG='/usr/local/bin/pkg-config'
PKG_CONFIG_LIBDIR=''
PKG_CONFIG_PATH='/usr/local/opt/icu4c/lib/pkgconfig:/usr/local/opt/libarchive/lib/pkgconfig:/usr/local/opt/libffi/lib/pkgconfig'
RANLIB='ranlib'
SED='/usr/bin/sed'
SET_MAKE=''
SHELL='/bin/sh'
STRIP='strip'
TENSORFLOW_FALSE=''
TENSORFLOW_LIBS=''
TENSORFLOW_TRUE='#'
T_WIN_FALSE=''
T_WIN_TRUE='#'
VERSION='5.0.0-rc2'
VISIBILITY_FALSE=''
VISIBILITY_TRUE='#'
XML_CATALOG_FILES=''
ac_ct_AR='ar'
ac_ct_CC='gcc'
ac_ct_CXX='g++'
ac_ct_DUMPBIN=''
am__EXEEXT_FALSE=''
am__EXEEXT_TRUE='#'
am__fastdepCC_FALSE='#'
am__fastdepCC_TRUE=''
am__fastdepCXX_FALSE='#'
am__fastdepCXX_TRUE=''
am__include='include'
am__isrc=' -I$(srcdir)'
am__leading_dot='.'
am__nodep='_no'
am__quote=''
am__tar='$${TAR-tar} chof - "$$tardir"'
am__untar='$${TAR-tar} xf -'
bindir='${exec_prefix}/bin'
build='x86_64-apple-darwin20.6.0'
build_alias=''
build_cpu='x86_64'
build_os='darwin20.6.0'
build_vendor='apple'
cairo_CFLAGS='-I/usr/local/Cellar/libffi/3.4.2/include -I/usr/local/Cellar/cairo/1.16.0_5/include/cairo -I/usr/local/Cellar/glib/2.70.1/include -I/usr/local/Cellar/glib/2.70.1/include/glib-2.0 -I/usr/local/Cellar/glib/2.70.1/lib/glib-2.0/include -I/usr/local/opt/gettext/include -I/usr/local/Cellar/pcre/8.45/include -I/usr/local/Cellar/pixman/0.40.0/include/pixman-1 -I/usr/local/Cellar/fontconfig/2.13.1/include -I/usr/local/opt/freetype/include/freetype2 -I/usr/local/Cellar/libpng/1.6.37/include/libpng16 -I/usr/local/Cellar/libxcb/1.14_1/include -I/usr/local/Cellar/libxrender/0.9.10/include -I/usr/local/Cellar/libxext/1.3.4/include -I/usr/local/Cellar/libx11/1.7.2/include -I/usr/local/Cellar/libxcb/1.14_1/include -I/usr/local/Cellar/libxau/1.0.9/include -I/usr/local/Cellar/libxdmcp/1.1.3/include -I/usr/local/Cellar/xorgproto/2021.5/include'
cairo_LIBS='-L/usr/local/Cellar/cairo/1.16.0_5/lib -lcairo'
datadir='${datarootdir}'
datarootdir='${prefix}/share'
docdir='${datarootdir}/doc/${PACKAGE_TARNAME}'
dvidir='${docdir}'
exec_prefix='${prefix}'
have_asciidoc='false'
have_brew=''
have_xsltproc='true'
host='x86_64-apple-darwin20.6.0'
host_alias=''
host_cpu='x86_64'
host_os='darwin20.6.0'
host_vendor='apple'
htmldir='${docdir}'
includedir='${prefix}/include'
infodir='${datarootdir}/info'
install_sh='${SHELL} /Users/brianmccaffrey/Documents/Uni/Senior/SoftwareDesignFinal/prj-01-openhighlightcopypaste/lib/tesseract/config/install-sh'
libarchive_CFLAGS='-I/usr/local/Cellar/libarchive/3.5.2/include'
libarchive_LIBS='-L/usr/local/Cellar/libarchive/3.5.2/lib -larchive'
libcurl_CFLAGS=''
libcurl_LIBS='-lcurl'
libdir='${exec_prefix}/lib'
libexecdir='${exec_prefix}/libexec'
localedir='${datarootdir}/locale'
localstatedir='${prefix}/var'
mandir='${datarootdir}/man'
mkdir_p='$(MKDIR_P)'
oldincludedir='/usr/include'
pango_CFLAGS='-I/usr/local/Cellar/libffi/3.4.2/include -I/usr/local/Cellar/pango/1.48.10/include/pango-1.0 -I/usr/local/Cellar/glib/2.70.1/include -I/usr/local/Cellar/fribidi/1.0.11/include/fribidi -I/usr/local/Cellar/cairo/1.16.0_5/include/cairo -I/usr/local/Cellar/pixman/0.40.0/include/pixman-1 -I/usr/local/Cellar/fontconfig/2.13.1/include -I/usr/local/Cellar/libpng/1.6.37/include/libpng16 -I/usr/local/Cellar/libxcb/1.14_1/include -I/usr/local/Cellar/libxrender/0.9.10/include -I/usr/local/Cellar/libxext/1.3.4/include -I/usr/local/Cellar/libx11/1.7.2/include -I/usr/local/Cellar/libxcb/1.14_1/include -I/usr/local/Cellar/libxau/1.0.9/include -I/usr/local/Cellar/libxdmcp/1.1.3/include -I/usr/local/Cellar/glib/2.70.1/include -I/usr/local/Cellar/harfbuzz/3.1.1/include/harfbuzz -I/usr/local/opt/freetype/include/freetype2 -I/usr/local/Cellar/graphite2/1.3.14/include -I/usr/local/Cellar/glib/2.70.1/include/glib-2.0 -I/usr/local/Cellar/glib/2.70.1/lib/glib-2.0/include -I/usr/local/opt/gettext/include -I/usr/local/Cellar/pcre/8.45/include -I/usr/local/Cellar/xorgproto/2021.5/include'
pango_LIBS='-L/usr/local/Cellar/pango/1.48.10/lib -L/usr/local/Cellar/glib/2.70.1/lib -L/usr/local/opt/gettext/lib -L/usr/local/Cellar/harfbuzz/3.1.1/lib -lpango-1.0 -lgobject-2.0 -lglib-2.0 -lintl -lharfbuzz'
pangocairo_CFLAGS='-I/usr/local/Cellar/libffi/3.4.2/include -I/usr/local/Cellar/pango/1.48.10/include/pango-1.0 -I/usr/local/Cellar/harfbuzz/3.1.1/include/harfbuzz -I/usr/local/Cellar/pango/1.48.10/include/pango-1.0 -I/usr/local/Cellar/glib/2.70.1/include -I/usr/local/Cellar/fribidi/1.0.11/include/fribidi -I/usr/local/Cellar/harfbuzz/3.1.1/include/harfbuzz -I/usr/local/Cellar/graphite2/1.3.14/include -I/usr/local/Cellar/cairo/1.16.0_5/include/cairo -I/usr/local/Cellar/glib/2.70.1/include -I/usr/local/Cellar/glib/2.70.1/include/glib-2.0 -I/usr/local/Cellar/glib/2.70.1/lib/glib-2.0/include -I/usr/local/opt/gettext/include -I/usr/local/Cellar/pcre/8.45/include -I/usr/local/Cellar/pixman/0.40.0/include/pixman-1 -I/usr/local/Cellar/fontconfig/2.13.1/include -I/usr/local/opt/freetype/include/freetype2 -I/usr/local/Cellar/libpng/1.6.37/include/libpng16 -I/usr/local/Cellar/libxcb/1.14_1/include -I/usr/local/Cellar/libxrender/0.9.10/include -I/usr/local/Cellar/libxext/1.3.4/include -I/usr/local/Cellar/libx11/1.7.2/include -I/usr/local/Cellar/libxcb/1.14_1/include -I/usr/local/Cellar/libxau/1.0.9/include -I/usr/local/Cellar/libxdmcp/1.1.3/include -I/usr/local/Cellar/xorgproto/2021.5/include'
pangocairo_LIBS='-L/usr/local/Cellar/pango/1.48.10/lib -L/usr/local/Cellar/glib/2.70.1/lib -L/usr/local/opt/gettext/lib -L/usr/local/Cellar/harfbuzz/3.1.1/lib -L/usr/local/Cellar/cairo/1.16.0_5/lib -lpangocairo-1.0 -lpango-1.0 -lgobject-2.0 -lglib-2.0 -lintl -lharfbuzz -lcairo'
pangoft2_CFLAGS='-I/usr/local/Cellar/libffi/3.4.2/include -I/usr/local/Cellar/pango/1.48.10/include/pango-1.0 -I/usr/local/Cellar/harfbuzz/3.1.1/include/harfbuzz -I/usr/local/Cellar/pango/1.48.10/include/pango-1.0 -I/usr/local/Cellar/glib/2.70.1/include -I/usr/local/Cellar/fribidi/1.0.11/include/fribidi -I/usr/local/Cellar/cairo/1.16.0_5/include/cairo -I/usr/local/Cellar/pixman/0.40.0/include/pixman-1 -I/usr/local/Cellar/libpng/1.6.37/include/libpng16 -I/usr/local/Cellar/libxcb/1.14_1/include -I/usr/local/Cellar/libxrender/0.9.10/include -I/usr/local/Cellar/libxext/1.3.4/include -I/usr/local/Cellar/libx11/1.7.2/include -I/usr/local/Cellar/libxcb/1.14_1/include -I/usr/local/Cellar/libxau/1.0.9/include -I/usr/local/Cellar/libxdmcp/1.1.3/include -I/usr/local/Cellar/glib/2.70.1/include -I/usr/local/Cellar/harfbuzz/3.1.1/include/harfbuzz -I/usr/local/Cellar/graphite2/1.3.14/include -I/usr/local/Cellar/glib/2.70.1/include/glib-2.0 -I/usr/local/Cellar/glib/2.70.1/lib/glib-2.0/include -I/usr/local/opt/gettext/include -I/usr/local/Cellar/pcre/8.45/include -I/usr/local/Cellar/fontconfig/2.13.1/include -I/usr/local/opt/freetype/include/freetype2 -I/usr/local/Cellar/xorgproto/2021.5/include'
pangoft2_LIBS='-L/usr/local/Cellar/pango/1.48.10/lib -L/usr/local/Cellar/glib/2.70.1/lib -L/usr/local/opt/gettext/lib -L/usr/local/Cellar/harfbuzz/3.1.1/lib -L/usr/local/Cellar/fontconfig/2.13.1/lib -L/usr/local/opt/freetype/lib -lpangoft2-1.0 -lpango-1.0 -lgobject-2.0 -lglib-2.0 -lintl -lharfbuzz -lfontconfig -lfreetype'
pdfdir='${docdir}'
prefix='/usr/local'
program_transform_name='s,x,x,'
psdir='${docdir}'
runstatedir='${localstatedir}/run'
sbindir='${exec_prefix}/sbin'
sharedstatedir='${prefix}/com'
sysconfdir='${prefix}/etc'
target_alias=''

## ----------- ##
## confdefs.h. ##
## ----------- ##

/* confdefs.h */
#define PACKAGE_NAME "tesseract"
#define PACKAGE_TARNAME "tesseract"
#define PACKAGE_VERSION "5.0.0-rc2"
#define PACKAGE_STRING "tesseract 5.0.0-rc2"
#define PACKAGE_BUGREPORT "https://github.com/tesseract-ocr/tesseract/issues"
#define PACKAGE_URL "https://github.com/tesseract-ocr/tesseract/"
#define PACKAGE "tesseract"
#define VERSION "5.0.0-rc2"
#define PACKAGE_NAME "tesseract"
#define PACKAGE_VERSION "5.0.0-rc2"
#define PACKAGE_YEAR "2021"
#define PACKAGE_DATE "11/14"
#define HAVE_AVX 1
#define HAVE_AVX2 1
#define HAVE_FMA 1
#define HAVE_SSE4_1 1
#define FAST_FLOAT 1
#define HAVE_STDIO_H 1
#define HAVE_STDLIB_H 1
#define HAVE_STRING_H 1
#define HAVE_INTTYPES_H 1
#define HAVE_STDINT_H 1
#define HAVE_STRINGS_H 1
#define HAVE_SYS_STAT_H 1
#define HAVE_SYS_TYPES_H 1
#define HAVE_UNISTD_H 1
#define STDC_HEADERS 1
#define HAVE_TIFFIO_H 1
#define HAVE_FRAMEWORK_ACCELERATE 1
#define HAVE_FRAMEWORK_OPENCL 1
#define HAVE_DLFCN_H 1
#define LT_OBJDIR ".libs/"
#define HAVE_WCHAR_T 1
#define HAVE_LONG_LONG_INT 1
#define HAVE_LIBCURL 1
#define HAVE_LIBARCHIVE 1

configure: exit 0

## ---------------------- ##
## Running config.status. ##
## ---------------------- ##

This file was extended by tesseract config.status 5.0.0-rc2, which was
generated by GNU Autoconf 2.71.  Invocation command line was

  CONFIG_FILES    = 
  CONFIG_HEADERS  = 
  CONFIG_LINKS    = 
  CONFIG_COMMANDS = 
  $ ./config.status 

on Brians-MacBook-Pro.local

config.status:1280: creating include/tesseract/version.h
config.status:1280: creating Makefile
config.status:1280: creating tesseract.pc
config.status:1280: creating tessdata/Makefile
config.status:1280: creating tessdata/configs/Makefile
config.status:1280: creating tessdata/tessconfigs/Makefile
config.status:1280: creating java/Makefile
config.status:1280: creating java/com/Makefile
config.status:1280: creating java/com/google/Makefile
config.status:1280: creating java/com/google/scrollview/Makefile
config.status:1280: creating java/com/google/scrollview/events/Makefile
config.status:1280: creating java/com/google/scrollview/ui/Makefile
config.status:1280: creating include/config_auto.h
config.status:1494: executing depfiles commands
config.status:1571: cd .       && sed -e '/# am--include-marker/d' Makefile         | make -f - am--depfiles
make[1]: Nothing to be done for `am--depfiles'.
config.status:1576: $? = 0
config.status:1494: executing libtool commands

## ---------------------- ##
## Running config.status. ##
## ---------------------- ##

This file was extended by tesseract config.status 5.0.0-rc2, which was
generated by GNU Autoconf 2.71.  Invocation command line was

  CONFIG_FILES    = 
  CONFIG_HEADERS  = 
  CONFIG_LINKS    = 
  CONFIG_COMMANDS = 
  $ ./config.status include/config_auto.h

on Brians-MacBook-Pro.local

config.status:1280: creating include/config_auto.h
config.status:1446: include/config_auto.h is unchanged
